1 100 7
11 100 14
21 100 1
31 100 3
41 100 2
51 100 3
61 100 7
71 100 4
81 100 5
91 100 16
101 100 19
111 100 22
121 100 19
131 100 7
141 100 24
151 100 8
161 100 20
171 100 22
181 100 20
191 100 12
201 100 24
211 100 24
221 100 38
231 100 21
241 100 33
251 100 26
261 100 26
271 100 31
281 100 37
291 100 35
301 100 27
311 100 40
321 100 35
331 100 28
341 100 37
351 100 52
361 100 40
371 100 35
381 100 30
391 100 48
401 100 34
411 100 33
421 100 51
431 100 49
441 100 39
451 100 59
461 100 49
471 100 48
481 100 50
491 100 43
501 100 48
511 100 53
521 100 54
531 100 47
541 100 68
551 100 56
561 100 60
571 100 69
581 100 55
591 100 64
601 100 76
611 100 63
621 100 59
631 100 90
641 100 67
651 100 51
661 100 66
671 100 65
681 100 107
691 100 76
701 100 67
711 100 102
721 100 59
731 100 77
741 100 77
751 100 68
761 100 74
771 100 82
781 100 93
791 100 98
801 100 85
811 100 83
821 100 104
831 100 91
841 100 73
851 100 86
861 100 102
871 100 79
881 100 87
891 100 91
901 100 95
911 100 80
921 100 107
931 100 91
941 100 109
951 100 90
961 100 93
971 100 90
981 100 107
991 100 109
