1000 1 1
1000 11 10
1000 21 3
1000 31 8
1000 41 16
1000 51 19
1000 61 50
1000 71 31
1000 81 40
1000 91 48
1000 101 56
1000 111 63
1000 121 76
1000 131 111
1000 141 111
1000 151 119
1000 161 133
1000 171 178
1000 181 162
1000 191 192
1000 201 214
1000 211 219
1000 221 255
1000 231 270
1000 241 303
1000 251 318
1000 261 321
1000 271 374
1000 281 395
1000 291 423
1000 301 462
1000 311 480
1000 321 511
1000 331 538
1000 341 574
1000 351 607
1000 361 641
1000 371 697
1000 381 714
1000 391 753
1000 401 762
1000 411 848
1000 421 823
1000 431 929
1000 441 956
1000 451 995
1000 461 1065
1000 471 1080
1000 481 1137
1000 491 1181
1000 501 1233
1000 511 1299
1000 521 1353
1000 531 1440
1000 541 1425
1000 551 1510
1000 561 1528
1000 571 1583
1000 581 1638
1000 591 1686
1000 601 1752
1000 611 1809
1000 621 1898
1000 631 1945
1000 641 1909
1000 651 2073
1000 661 2009
1000 671 2182
1000 681 2247
1000 691 2355
1000 701 2381
1000 711 2447
1000 721 2573
1000 731 2589
1000 741 2694
1000 751 2663
1000 761 2803
1000 771 2874
1000 781 2946
1000 791 3087
1000 801 3098
1000 811 3187
1000 821 3259
1000 831 3417
1000 841 3424
1000 851 3539
1000 861 3627
1000 871 3476
1000 881 3743
1000 891 3866
1000 901 4005
1000 911 4010
1000 921 4106
1000 931 4289
1000 941 4274
1000 951 4374
1000 961 4450
1000 971 4324
1000 981 4731
1000 991 4905
