1 1000 11
11 1000 70
21 1000 106
31 1000 146
41 1000 206
51 1000 253
61 1000 322
71 1000 349
81 1000 395
91 1000 444
101 1000 506
111 1000 544
121 1000 588
131 1000 638
141 1000 685
151 1000 736
161 1000 735
171 1000 833
181 1000 898
191 1000 928
201 1000 974
211 1000 965
221 1000 1071
231 1000 1120
241 1000 1168
251 1000 1242
261 1000 1265
271 1000 1329
281 1000 1396
291 1000 1418
301 1000 1402
311 1000 1525
321 1000 1587
331 1000 1676
341 1000 1697
351 1000 1709
361 1000 1736
371 1000 1817
381 1000 1836
391 1000 1933
401 1000 1845
411 1000 1872
421 1000 1929
431 1000 2084
441 1000 2135
451 1000 2180
461 1000 2228
471 1000 2167
481 1000 2379
491 1000 2419
501 1000 2443
511 1000 2528
521 1000 2520
531 1000 2445
541 1000 2485
551 1000 2668
561 1000 2719
571 1000 2833
581 1000 2914
591 1000 2893
601 1000 2906
611 1000 2946
621 1000 2998
631 1000 3053
641 1000 3450
651 1000 3183
661 1000 3300
671 1000 3072
681 1000 3363
691 1000 3328
701 1000 3465
711 1000 3439
721 1000 3489
731 1000 3621
741 1000 3643
751 1000 3506
761 1000 3741
771 1000 3756
781 1000 3792
791 1000 3830
801 1000 3867
811 1000 3720
821 1000 4129
831 1000 3863
841 1000 4064
851 1000 4202
861 1000 4164
871 1000 4211
881 1000 4275
891 1000 4366
901 1000 4427
911 1000 4579
921 1000 4635
931 1000 4490
941 1000 4543
951 1000 4600
961 1000 4637
971 1000 4834
981 1000 4736
991 1000 4799
