60 238893
61 239889
62 245171
63 250128
64 258038
65 262274
66 271918
67 278321
68 290715
69 293098
70 300661
71 310234
72 318183
73 325005
74 335563
75 343633
76 348587
77 360255
78 422811
79 378586
80 391275
81 398828
82 406739
83 414530
84 428391
85 428211
86 488775
87 511390
88 494593
89 474285
90 486884
91 497295
92 540538
93 601146
94 529705
95 538922
96 567929
97 562583
98 575660
99 716582
100 704116
101 690364
102 714902
103 736510
104 684038
105 804612
106 680601
107 669346
108 688973
109 697095
110 710290
111 721194
112 755246
113 859286
114 783444
115 793022
116 803947
117 821598
118 832466
119 845399
120 854737
121 874463
122 879968
123 907276
124 920704
125 1055288
126 947291
127 966194
128 975856
129 994491
130 1072517
131 1086656
132 1039086
133 1116661
134 1151394
135 1478974
136 1217523
137 1424451
138 1174820
139 1477086
140 1310603
141 1177232
142 1200851
143 1217222
144 1245699
145 1427697
146 1458407
147 1382365
148 1412764
149 1461267
150 1390475
151 1342855
152 1369956
153 1568712
154 1414602
155 1439926
156 1435932
157 1448763
158 1515365
159 1537470
160 1564748
161 1791907
162 1595846
163 1614402
164 1633473
165 1644001
166 1656578
167 1675940
168 1940622
169 1732321
170 1751600
171 1758152
172 1772095
173 1796344
174 1871837
175 2118160
176 1882718
177 1901476
178 1913042
179 1924642
180 1936048
181 2264457
182 2069209
183 2333922
184 2022624
185 2050790
186 2071298
187 2115292
188 2581389
189 2151242
190 2179364
191 2177329
192 2205192
193 2244812
194 2290750
195 2650685
196 2335439
197 2349645
198 2354909
199 2373813
200 2790306
201 2444867
202 2469408
203 2470277
204 2489614
205 2526850
206 3074940
207 2577991
208 2622740
209 2644938
210 2644693
211 2703991
212 3257253
213 2743474
214 2749043
215 2775655
216 2807266
217 3470922
218 2873326
219 2910652
220 2903144
221 2926657
222 3614791
223 3106814
224 3131114
225 3487437
226 3426943
227 3869674
228 3304685
229 3516333
230 3239059
231 3265442
232 4049441
233 3559512
234 3776613
235 3740424
236 3440874
237 4212732
238 3487471
239 3520862
240 3516779
241 3587726
242 4751083
243 4316756
244 3953786
245 3889846
246 3705367
247 4681731
248 3780238
249 3802733
250 3825600
251 3966364
252 5046626
253 4853996
254 4003823
255 4225474
256 4198678
257 5537860
258 4076990
259 4102567
260 4112509
261 4165193
262 5306646
263 4697458
264 5368959
265 4953722
266 6109016
267 4391586
268 4405817
269 4820616
270 4736674
271 5667980
272 4544294
273 4577723
274 4675563
275 5903392
276 5349675
277 5610171
278 4995086
279 4784585
280 6177080
281 5027159
282 5295498
283 5245466
284 5143613
285 6655189
286 5684940
287 5412683
288 5657493
289 5269621
290 6607785
291 5243362
292 5215023
293 5467196
294 5306686
295 6950413
296 5548024
297 5963010
298 6063150
299 5527326
300 7121027
