1 10 44 7
11 10 256 10
21 10 740 15
31 10 614 18
41 10 40 3
51 10 48 3
61 10 56 3
71 10 66 3
81 10 74 3
91 10 83 3
101 10 92 3
111 10 98 4
121 10 109 4
131 10 118 4
141 10 126 5
151 10 141 4
161 10 144 5
171 10 153 5
181 10 166 5
191 10 171 5
201 10 179 5
211 10 189 5
221 10 196 6
231 10 206 6
241 10 215 6
251 10 225 6
261 10 232 6
271 10 249 7
281 10 270 7
291 10 257 7
301 10 266 7
311 10 276 7
321 10 283 8
331 10 291 8
341 10 301 8
351 10 314 8
361 10 319 8
371 10 326 8
381 10 335 8
391 10 345 9
401 10 371 9
411 10 362 9
421 10 371 9
431 10 384 9
441 10 389 9
451 10 402 10
461 10 407 10
471 10 415 10
481 10 435 11
491 10 445 10
501 10 447 11
511 10 525 12
521 10 477 12
531 10 473 12
541 10 475 12
551 10 490 12
561 10 498 12
571 10 501 12
581 10 510 12
591 10 521 12
601 10 590 14
611 10 538 13
621 10 545 13
631 10 554 13
641 10 563 14
651 10 571 14
661 10 581 14
671 10 590 14
681 10 609 15
691 10 607 15
701 10 2649 22
711 10 636 15
721 10 636 15
731 10 1284 16
741 10 660 15
751 10 667 16
761 10 700 16
771 10 685 17
781 10 685 17
791 10 702 17
801 10 754 18
811 10 712 18
821 10 1715 19
831 10 773 18
841 10 739 18
851 10 772 18
861 10 763 19
871 10 765 18
881 10 773 19
891 10 830 20
901 10 791 20
911 10 800 20
921 10 808 20
931 10 820 20
941 10 878 21
951 10 836 21
961 10 843 21
971 10 913 21
981 10 896 21
991 10 891 22
1001 10 939 22
1011 10 911 22
1021 10 927 22
1031 10 950 23
1041 10 936 63
1051 10 948 23
1061 10 972 23
1071 10 1002 24
1081 10 995 24
1091 10 985 29
1101 10 991 24
1111 10 1004 24
1121 10 1016 25
1131 10 1021 25
1141 10 1026 25
1151 10 1099 26
1161 10 1215 26
1171 10 1055 25
1181 10 1081 26
1191 10 1116 26
1201 10 1080 27
1211 10 83300 26
1221 10 1085 27
1231 10 1114 27
1241 10 1086 27
1251 10 1152 27
1261 10 1118 28
1271 10 1124 43
1281 10 1126 27
1291 10 1143 29
1301 10 1159 28
1311 10 1206 34
1321 10 1157 29
1331 10 1198 29
1341 10 1236 29
1351 10 1211 29
1361 10 1260 30
1371 10 3522 53
1381 10 1340 31
1391 10 1951 33
1401 10 1266 31
1411 10 1307 31
1421 10 1300 31
1431 10 1475 32
1441 10 1419 32
1451 10 2303 32
1461 10 1390 32
1471 10 1329 32
1481 10 1482 36
1491 10 1306 34
1501 10 1497 34
1511 10 1323 34
1521 10 1346 33
1531 10 3226 46
1541 10 1390 33
1551 10 1370 35
1561 10 1379 35
1571 10 1382 34
1581 10 1406 34
1591 10 1429 207
1601 10 1466 36
1611 10 1419 36
1621 10 1443 36
1631 10 1427 37
1641 10 1451 36
1651 10 1667 37
1661 10 1480 36
1671 10 1533 37
1681 10 1488 37
1691 10 1482 38
1701 10 1509 37
1711 10 1558 38
1721 10 1526 37
1731 10 1521 40
1741 10 1754 40
1751 10 1666 38
1761 10 1567 38
1771 10 1568 39
1781 10 1587 82
1791 10 1789 41
1801 10 1692 41
1811 10 1640 40
1821 10 1606 40
1831 10 1645 39
1841 10 1883 42
1851 10 1696 44
1861 10 1666 43
1871 10 1658 41
1881 10 2342 43
1891 10 1818 45
1901 10 1708 41
1911 10 1872 45
1921 10 1709 43
1931 10 1698 43
1941 10 1904 44
1951 10 1724 63
1961 10 1715 43
1971 10 2205 45
1981 10 1745 43
1991 10 1787 44
2001 10 1752 44
2011 10 1782 44
2021 10 1830 44
2031 10 1823 45
2041 10 1811 45
2051 10 1794 46
2061 10 1825 46
2071 10 3565 75
2081 10 1846 45
2091 10 1899 44
2101 10 1879 45
2111 10 1865 46
2121 10 2616 51
2131 10 2102 48
2141 10 2002 50
2151 10 1901 50
2161 10 2892 49
2171 10 1997 48
2181 10 2307 49
2191 10 1994 48
2201 10 1987 49
2211 10 2010 50
2221 10 2397 53
2231 10 2199 50
2241 10 2046 49
2251 10 2064 50
2261 10 2629 52
2271 10 2228 51
2281 10 2020 52
2291 10 2024 50
2301 10 2402 55
2311 10 2263 51
2321 10 2186 52
2331 10 2049 51
2341 10 2272 52
2351 10 2374 54
2361 10 2117 53
2371 10 2118 52
2381 10 2356 52
2391 10 2436 55
2401 10 2245 54
2411 10 2343 55
2421 10 2251 53
2431 10 2340 56
2441 10 2325 54
2451 10 2393 55
2461 10 2452 58
2471 10 3987 75
2481 10 2381 54
2491 10 2333 57
2501 10 2915 63
2511 10 2386 57
2521 10 2217 55
2531 10 2235 56
2541 10 2293 92
2551 10 2458 58
2561 10 2245 56
2571 10 2270 56
2581 10 2300 56
2591 10 2725 58
2601 10 2288 58
2611 10 2306 58
2621 10 2681 64
2631 10 2323 58
2641 10 2351 59
2651 10 2347 59
2661 10 2692 62
2671 10 2371 60
2681 10 2415 59
2691 10 2645 65
2701 10 2426 61
2711 10 2397 60
2721 10 2402 61
2731 10 2811 61
2741 10 2475 60
2751 10 2441 64
2761 10 2700 75
2771 10 2535 62
2781 10 2466 62
2791 10 2798 69
2801 10 2497 62
2811 10 2561 64
2821 10 2467 1299
2831 10 2479 63
2841 10 4182 106
2851 10 2605 63
2861 10 2749 67
2871 10 2565 63
2881 10 2803 64
2891 10 2628 65
2901 10 2692 67
2911 10 2715 68
2921 10 2699 67
2931 10 2781 72
2941 10 2758 70
2951 10 2615 66
2961 10 16386 65
2971 10 3177 103
2981 10 2657 65
2991 10 3026 67
3001 10 2645 65
3011 10 2702 69
3021 10 3040 89
3031 10 2705 69
3041 10 2683 69
3051 10 2893 72
3061 10 2779 67
3071 10 2743 67
3081 10 3008 86
3091 10 2765 69
3101 10 2727 69
3111 10 3124 87
3121 10 2769 82
3131 10 2765 69
3141 10 4510 109
3151 10 2827 71
3161 10 2769 70
3171 10 2962 76
3181 10 2963 73
3191 10 2827 70
3201 10 3003 72
3211 10 2872 73
3221 10 2924 73
3231 10 2850 77
3241 10 2857 72
3251 10 5219 131
3261 10 2888 72
3271 10 2930 74
3281 10 3823 101
3291 10 2955 72
3301 10 3090 79
3311 10 4109 82
3321 10 3057 78
3331 10 3236 86
3341 10 2948 74
3351 10 3029 77
3361 10 3183 80
3371 10 2986 74
3381 10 2997 75
3391 10 3423 81
3401 10 3024 75
3411 10 3010 78
3421 10 11127 82
3431 10 3821 110
3441 10 3086 79
3451 10 3233 82
3461 10 4112 85
3471 10 3363 85
3481 10 3190 79
3491 10 3162 78
3501 10 3407 81
3511 10 3222 80
3521 10 3390 96
3531 10 3254 79
3541 10 3258 82
3551 10 3234 82
3561 10 3228 80
3571 10 3435 84
3581 10 3252 81
3591 10 3292 85
3601 10 3528 87
3611 10 3318 84
3621 10 3397 81
3631 10 3283 87
3641 10 3210 86
3651 10 3218 83
3661 10 3707 84
3671 10 3321 84
3681 10 3284 86
3691 10 3260 81
3701 10 3304 86
3711 10 3381 87
3721 10 3284 82
3731 10 3374 87
3741 10 3293 83
3751 10 3316 85
3761 10 3532 102
3771 10 3370 86
3781 10 3322 86
3791 10 3598 100
3801 10 3695 100
3811 10 4041 85
3821 10 3719 94
3831 10 4296 163
3841 10 3564 97
3851 10 3680 94
3861 10 4601 100
3871 10 3605 95
3881 10 3688 263
3891 10 3474 90
3901 10 3741 101
3911 10 3620 98
3921 10 3642 94
3931 10 3789 126
3941 10 3480 128
3951 10 3565 96
3961 10 3870 91
3971 10 3554 132
3981 10 5355 127
3991 10 3514 88
4001 10 3773 103
4011 10 9208 105
4021 10 3583 103
4031 10 3799 121
4041 10 3566 93
4051 10 3580 139
4061 10 3812 99
4071 10 3653 98
4081 10 3799 159
4091 10 3665 99
4101 10 3614 292
4111 10 3739 114
4121 10 3651 97
4131 10 3803 100
4141 10 3693 109
4151 10 3667 96
4161 10 4146 141
4171 10 4408 115
4181 10 4031 143
4191 10 3763 106
4201 10 3905 136
4211 10 5459 135
4221 10 3928 131
4231 10 3939 103
4241 10 3756 101
4251 10 4189 131
4261 10 3768 103
4271 10 3936 101
4281 10 4039 102
4291 10 4339 104
4301 10 4032 118
4311 10 4071 115
4321 10 3982 133
4331 10 4117 132
4341 10 3818 104
4351 10 4227 140
4361 10 3914 113
4371 10 3890 112
4381 10 4286 112
4391 10 4050 135
4401 10 4180 106
4411 10 4011 108
4421 10 4448 103
4431 10 4051 110
4441 10 4502 119
4451 10 4043 107
4461 10 4269 124
4471 10 4110 114
4481 10 4064 115
4491 10 7543 109
4501 10 4038 121
4511 10 4534 222
4521 10 4089 126
4531 10 4059 122
4541 10 4034 131
4551 10 4124 120
4561 10 4019 122
4571 10 4155 118
4581 10 4032 117
4591 10 4097 132
4601 10 4104 123
4611 10 4063 113
4621 10 4318 123
4631 10 4072 116
4641 10 4634 126
4651 10 4249 124
4661 10 4159 129
4671 10 4114 119
4681 10 4229 123
4691 10 4301 119
4701 10 4195 129
4711 10 5074 123
4721 10 4176 121
4731 10 4369 121
4741 10 4184 132
4751 10 4640 150
4761 10 4278 129
4771 10 5416 162
4781 10 4317 139
4791 10 4322 135
4801 10 4283 137
4811 10 4536 160
4821 10 4244 128
4831 10 4358 131
4841 10 12280 125
4851 10 6618 232
4861 10 5053 149
4871 10 5748 162
4881 10 4831 170
4891 10 6260 166
4901 10 4356 496
4911 10 4363 132
4921 10 4627 128
4931 10 4464 193
4941 10 4397 149
4951 10 4534 152
4961 10 4377 137
4971 10 4643 139
4981 10 4396 139
4991 10 4505 154
5001 10 4406 137
5011 10 4985 169
5021 10 4444 149
5031 10 4489 161
5041 10 4518 145
5051 10 4621 183
5061 10 4498 195
5071 10 4850 171
5081 10 4488 139
5091 10 6207 212
5101 10 4511 143
5111 10 4765 169
5121 10 4538 155
5131 10 7587 140
5141 10 4541 158
5151 10 4627 160
5161 10 4554 161
5171 10 4620 152
5181 10 4593 148
5191 10 4644 153
5201 10 4637 146
5211 10 4619 159
5221 10 4653 174
5231 10 5001 169
5241 10 4631 166
5251 10 4882 169
5261 10 4711 150
5271 10 4743 154
5281 10 4659 166
5291 10 6414 177
5301 10 4713 171
5311 10 4956 159
5321 10 4873 185
5331 10 4798 155
5341 10 4750 160
5351 10 4790 176
5361 10 4759 169
5371 10 4903 160
5381 10 4830 377
5391 10 4794 174
5401 10 4966 249
5411 10 4809 166
5421 10 4848 173
5431 10 5773 151
5441 10 4868 182
5451 10 4915 171
5461 10 5720 192
5471 10 4895 191
5481 10 6475 185
5491 10 4884 175
5501 10 4887 175
5511 10 5020 173
5521 10 7099 170
5531 10 5569 160
5541 10 11724 155
5551 10 4932 177
5561 10 4950 167
5571 10 5155 189
5581 10 4951 169
5591 10 5511 167
5601 10 4998 344
5611 10 5009 180
5621 10 5001 195
5631 10 5247 167
5641 10 5161 184
5651 10 5058 174
5661 10 6902 232
5671 10 4994 173
5681 10 5820 210
5691 10 5047 176
5701 10 5064 174
5711 10 5140 174
5721 10 5160 175
5731 10 5200 180
5741 10 5077 182
5751 10 5158 180
5761 10 5069 198
5771 10 5951 227
5781 10 5101 184
5791 10 5636 217
5801 10 5168 191
5811 10 5225 208
5821 10 5273 223
5831 10 5191 190
5841 10 5497 181
5851 10 5197 186
5861 10 10210 207
5871 10 7766 206
5881 10 5958 266
5891 10 5186 204
5901 10 6441 205
5911 10 5211 189
5921 10 5329 186
5931 10 5240 211
5941 10 5980 193
5951 10 5368 188
5961 10 5314 184
5971 10 5320 225
5981 10 5383 207
5991 10 5648 176
6001 10 5374 221
6011 10 5309 207
6021 10 7125 275
6031 10 5374 198
6041 10 5604 192
6051 10 5402 196
6061 10 5420 210
6071 10 5535 213
6081 10 5446 224
6091 10 5606 188
6101 10 5591 214
6111 10 5453 197
6121 10 5613 213
6131 10 5437 195
6141 10 6266 212
6151 10 5437 219
6161 10 5577 215
6171 10 11188 191
6181 10 5505 203
6191 10 7061 213
6201 10 5509 196
6211 10 7086 264
6221 10 5487 187
6231 10 6317 196
6241 10 5585 243
6251 10 5575 198
6261 10 5571 236
6271 10 5632 197
6281 10 5585 193
6291 10 5617 199
6301 10 6351 193
6311 10 5825 200
6321 10 5758 243
6331 10 5938 211
6341 10 5853 260
6351 10 6348 204
6361 10 6047 233
6371 10 5797 210
6381 10 7462 209
6391 10 5881 214
6401 10 5698 199
6411 10 5706 213
6421 10 7970 280
6431 10 5795 203
6441 10 7891 254
6451 10 6399 216
6461 10 6817 241
6471 10 6311 263
6481 10 5983 231
6491 10 6160 226
6501 10 5812 206
6511 10 5880 213
6521 10 5840 219
6531 10 5803 223
6541 10 7486 241
6551 10 5950 225
6561 10 5888 213
6571 10 6586 228
6581 10 5825 226
6591 10 5874 226
6601 10 5885 210
6611 10 5888 223
6621 10 5949 208
6631 10 5933 230
6641 10 5908 227
6651 10 6662 228
6661 10 6039 230
6671 10 5895 233
6681 10 6006 253
6691 10 5918 240
6701 10 8126 254
6711 10 6005 230
6721 10 6044 236
6731 10 6160 245
6741 10 11181 229
6751 10 5994 220
6761 10 6054 232
6771 10 5971 213
6781 10 7659 219
6791 10 6326 280
6801 10 6039 247
6811 10 6616 236
6821 10 6082 244
6831 10 6121 224
6841 10 7715 221
6851 10 6166 221
6861 10 6076 226
6871 10 6400 222
6881 10 6350 242
6891 10 6104 226
6901 10 6355 230
6911 10 6186 233
6921 10 6755 234
6931 10 6180 244
6941 10 6621 285
6951 10 6204 236
6961 10 6202 228
6971 10 6329 236
6981 10 6184 228
6991 10 8312 229
7001 10 6466 219
7011 10 6325 244
7021 10 6250 235
7031 10 7913 231
7041 10 8395 260
7051 10 6987 266
7061 10 7393 276
7071 10 6319 237
7081 10 6592 256
7091 10 6290 264
7101 10 6811 244
7111 10 7771 280
7121 10 6422 248
7131 10 6373 270
7141 10 8496 269
7151 10 6475 269
7161 10 6445 255
7171 10 6363 242
7181 10 6424 292
7191 10 6425 297
7201 10 7190 308
7211 10 6443 333
7221 10 6479 258
7231 10 6435 264
7241 10 6788 260
7251 10 6515 247
7261 10 11918 240
7271 10 10197 285
7281 10 6575 251
7291 10 6537 272
7301 10 6517 250
7311 10 6646 262
7321 10 6677 272
7331 10 7173 272
7341 10 6539 260
7351 10 6615 274
7361 10 6534 241
7371 10 6620 263
7381 10 6999 279
7391 10 6756 303
7401 10 6697 312
7411 10 6898 250
7421 10 8393 288
7431 10 6700 309
7441 10 6670 258
7451 10 6699 250
7461 10 6924 265
7471 10 6785 275
7481 10 6691 250
7491 10 6677 436
7501 10 6904 292
7511 10 7887 256
7521 10 8385 299
7531 10 8872 321
7541 10 10208 338
7551 10 7936 300
7561 10 6920 302
7571 10 6971 265
7581 10 6934 264
7591 10 6938 259
7601 10 7171 266
7611 10 7155 265
7621 10 7178 288
7631 10 6949 298
7641 10 7029 280
7651 10 7497 322
7661 10 8530 330
7671 10 7224 23766
7681 10 7139 294
7691 10 7006 312
7701 10 9305 282
7711 10 7107 280
7721 10 7099 357
7731 10 7047 336
7741 10 7156 269
7751 10 12799 277
7761 10 7162 276
7771 10 7225 260
7781 10 7409 279
7791 10 7541 369
7801 10 7096 307
7811 10 11029 317
7821 10 7843 271
7831 10 9979 295
7841 10 7203 285
7851 10 7351 273
7861 10 7470 341
7871 10 7917 301
7881 10 7516 283
7891 10 7476 313
7901 10 7696 354
7911 10 7826 315
7921 10 7577 287
7931 10 7256 297
7941 10 8624 282
7951 10 8851 316
7961 10 7346 283
7971 10 7245 452
7981 10 7321 284
7991 10 7553 309
8001 10 7523 312
8011 10 7373 331
8021 10 7438 305
8031 10 7492 279
8041 10 9326 282
8051 10 7651 304
8061 10 8105 391
8071 10 7911 298
8081 10 7390 315
8091 10 9095 317
8101 10 7407 331
8111 10 7448 333
8121 10 8224 358
8131 10 7428 339
8141 10 7480 319
8151 10 7513 327
8161 10 7494 350
8171 10 7576 343
8181 10 8038 402
8191 10 7541 362
8201 10 7458 334
8211 10 14546 292
8221 10 7656 317
8231 10 8845 430
8241 10 7744 316
8251 10 7636 319
8261 10 7569 319
8271 10 7712 306
8281 10 9682 326
8291 10 10641 318
8301 10 8660 324
8311 10 7597 298
8321 10 7643 289
8331 10 7665 303
8341 10 9438 316
8351 10 7818 304
8361 10 7836 344
8371 10 7618 305
8381 10 7864 310
8391 10 10825 307
8401 10 9933 329
8411 10 8388 363
8421 10 8793 385
8431 10 8199 318
8441 10 7941 337
8451 10 8458 338
8461 10 9436 374
8471 10 7726 320
8481 10 7844 309
8491 10 7793 326
8501 10 10214 389
8511 10 7783 330
8521 10 8099 311
8531 10 8056 330
8541 10 7795 314
8551 10 7894 313
8561 10 8335 314
8571 10 7992 349
8581 10 9576 304
8591 10 8006 311
8601 10 8842 345
8611 10 8069 332
8621 10 8311 325
8631 10 8021 351
8641 10 13899 348
8651 10 7942 360
8661 10 7907 313
8671 10 8499 361
8681 10 9320 299
8691 10 8211 334
8701 10 9509 322
8711 10 8144 350
8721 10 8154 349
8731 10 8031 317
8741 10 8245 355
8751 10 8186 319
8761 10 8587 326
8771 10 8215 319
8781 10 8936 336
8791 10 8319 331
8801 10 8139 340
8811 10 8092 313
8821 10 14555 328
8831 10 10809 313
8841 10 9205 346
8851 10 8330 307
8861 10 8229 344
8871 10 8346 339
8881 10 8232 332
8891 10 8159 328
8901 10 10100 481
8911 10 8265 329
8921 10 8739 364
8931 10 10628 381
8941 10 8251 344
8951 10 8179 336
8961 10 8363 330
8971 10 8244 357
8981 10 8283 368
8991 10 8194 406
9001 10 8332 353
9011 10 10636 418
9021 10 8305 332
9031 10 8466 335
9041 10 8553 354
9051 10 9987 335
9061 10 13515 327
9071 10 8427 335
9081 10 8342 341
9091 10 8974 323
9101 10 8337 351
9111 10 8392 334
9121 10 8422 418
9131 10 8923 386
9141 10 8325 419
9151 10 8368 356
9161 10 9367 368
9171 10 10173 384
9181 10 8347 374
9191 10 9822 344
9201 10 11302 379
9211 10 10201 480
9221 10 8423 344
9231 10 12251 373
9241 10 9437 373
9251 10 8526 347
9261 10 8475 357
9271 10 10038 375
9281 10 8494 364
9291 10 11237 540
9301 10 10551 370
9311 10 9286 375
9321 10 9713 339
9331 10 8553 348
9341 10 8670 392
9351 10 9058 530
9361 10 8628 381
9371 10 10375 371
9381 10 8630 370
9391 10 8757 374
9401 10 9003 383
9411 10 8641 367
9421 10 8675 410
9431 10 8678 390
9441 10 9045 443
9451 10 15049 349
9461 10 8796 336
9471 10 11123 354
9481 10 9026 365
9491 10 8748 417
9501 10 8749 388
9511 10 8865 376
9521 10 8985 357
9531 10 8830 373
9541 10 11685 360
9551 10 9150 350
9561 10 9578 361
9571 10 10929 376
9581 10 8832 381
9591 10 8870 404
9601 10 8807 415
9611 10 8851 358
9621 10 8978 467
9631 10 9253 384
9641 10 8870 361
9651 10 12277 471
9661 10 9022 397
9671 10 10531 434
9681 10 8923 433
9691 10 9141 407
9701 10 10261 373
9711 10 11096 358
9721 10 9617 365
9731 10 10534 406
9741 10 8907 470
9751 10 9243 388
9761 10 8972 431
9771 10 12465 400
9781 10 9024 378
9791 10 9249 392
9801 10 9275 392
9811 10 9071 399
9821 10 9139 387
9831 10 15755 394
9841 10 9156 731
9851 10 9212 365
9861 10 9632 362
9871 10 9222 1629
9881 10 9023 432
9891 10 9148 375
9901 10 9087 374
9911 10 9421 388
9921 10 9155 370
9931 10 12962 380
9941 10 14290 397
9951 10 10109 434
9961 10 9255 405
9971 10 9309 386
9981 10 9348 364
9991 10 11092 432
