1 1 22 6
101 1 120 43
201 1 222 82
301 1 341 167
401 1 67 9
501 1 80 10
601 1 110 13
701 1 116 14
801 1 125 15
901 1 141 18
1001 1 158 20
1 101 51 2
101 101 5098 6
201 101 13792 94
301 101 20660 20
401 101 29584 85
501 101 32651 36
601 101 35908 43
701 101 44078 46
801 101 48099 58
901 101 55018 71
1001 101 58690 68
1 201 196 2
101 201 26383 14
201 201 48252 18
301 201 68784 28
401 201 87175 37
501 201 105895 46
601 201 127729 53
701 201 146031 57
801 201 172779 67
901 201 207535 76
1001 201 205345 82
1 301 424 5
101 301 55862 16
201 301 95053 24
301 301 140219 34
401 301 185167 44
501 301 235637 53
601 301 267721 60
701 301 326860 69
801 301 553735 78
901 301 435162 85
1001 301 835542 94
1 401 824 2
101 401 89122 19
201 401 176630 31
301 401 244142 105
401 401 494220 49
501 401 404139 63
601 401 483053 68
701 401 570605 78
801 401 806938 84
901 401 729281 93
1001 401 850873 98
1 501 1155 2
101 501 141177 20
201 501 253347 33
301 501 385386 44
401 501 748831 56
501 501 669717 65
601 501 774347 74
701 501 932293 85
801 501 1019368 94
901 501 1254528 99
1001 501 1312219 113
1 601 2055 4
101 601 204549 23
201 601 381414 34
301 601 581539 48
401 601 1015087 58
501 601 901304 70
601 601 1126692 77
701 601 1670591 88
801 601 1459671 103
901 601 1585534 110
1001 601 1774684 115
1 701 2691 4
101 701 246238 24
201 701 486516 37
301 701 727420 51
401 701 993036 65
501 701 1199490 74
601 701 1438641 84
701 701 1732663 93
801 701 2030645 108
901 701 2158849 119
1001 701 2390487 320
1 801 3153 2
101 801 329709 27
201 801 634238 40
301 801 939922 54
401 801 1251421 68
501 801 1564659 87
601 801 1881348 87
701 801 2183329 101
801 801 2510919 116
901 801 2804961 123
1001 801 3478111 130
1 901 3971 5
101 901 424232 29
201 901 789764 41
301 901 1188134 58
401 901 1631684 72
501 901 1973284 83
601 901 2642693 100
701 901 2839947 106
801 901 3249599 123
901 901 3553171 131
1001 901 3945452 144
