30 75064
31 73454
32 78818
33 80554
34 87924
35 89060
36 95823
37 102989
38 104002
39 110145
40 114606
41 120997
42 126519
43 127856
44 132165
45 136165
46 143412
47 150590
48 153157
49 159751
50 163223
51 168486
52 175249
53 177511
54 187078
55 194539
56 210668
57 212975
58 216610
59 221218
60 223906
61 237878
62 248720
63 250605
64 258549
65 271264
66 326948
67 282455
68 310924
69 301477
70 317126
71 319597
72 380333
73 329550
74 331876
75 333585
76 344705
77 352227
78 360088
79 370468
80 387381
81 398746
82 406772
83 417457
84 427390
85 438335
86 444198
87 453352
88 460965
89 472477
90 481676
91 491310
92 593279
93 548117
94 582263
95 562985
96 681237
97 631322
98 651828
99 723815
100 717391
101 629537
102 628290
103 629075
104 644070
105 637729
106 655130
107 660835
108 774121
109 690431
110 699478
111 714505
112 742010
113 752742
114 762536
115 777793
116 790979
117 806557
118 818820
119 838159
120 852793
121 982854
122 875741
123 889065
124 899555
125 917496
126 925073
127 935683
128 955705
129 969318
130 983357
131 997728
132 1327587
133 1034263
134 1053364
135 1067638
136 1068491
137 1094845
138 1111739
139 1126017
140 1150087
141 1173037
142 1323677
143 1200506
144 1217971
145 1237238
146 1237108
147 1247634
148 1272132
149 1292826
150 1493249
151 1332595
152 1356196
153 1366861
154 1374640
155 1390934
156 1444559
157 1430541
158 1507947
159 1754364
160 1534085
161 1555325
162 1549434
163 1576628
164 1588444
165 1610645
166 1933462
167 1668531
168 1688479
169 1682189
170 1748932
171 1727284
172 1759965
173 2045538
174 1812580
175 1814578
176 1833467
177 1855267
178 1878508
179 1890152
180 2199929
181 1943622
182 1968031
183 1969032
184 1997507
185 2041051
186 2817417
187 2075112
188 2101194
189 2314969
190 2180779
191 2447661
192 2703821
193 3396624
194 2245969
195 2472090
196 2518858
197 3387041
198 3557450
199 3791203
200 3291972
201 3368958
202 2497588
203 2602030
204 2492078
205 3280045
206 2804482
207 2725866
208 2647307
209 2595022
210 3190407
211 2690519
212 2682396
213 2681910
214 2706563
215 3327581
216 2890964
217 2785916
218 2811994
219 2858101
220 3758444
221 3049026
222 2939527
223 3455445
224 3099276
225 3923168
226 3394223
227 3253757
228 3142427
229 3166611
230 3932379
231 3253184
232 3281508
233 3271500
234 3300008
235 4066750
236 3406687
237 3419483
238 3571308
239 3753177
240 4982550
241 3635159
242 3841849
243 3875916
244 3602385
245 4571581
246 3770338
247 3664628
248 3685858
249 4137342
250 5492541
251 4082018
252 4278669
253 3856830
254 3940291
255 5032626
256 4276883
257 4328777
258 4502114
259 4037208
260 5982979
261 4450375
262 4750455
263 4342319
264 4186191
265 5317068
266 4319023
267 4365731
268 4314789
269 4372763
270 5650860
271 4445855
272 4443731
273 4740775
274 7040750
275 5625033
276 6130314
277 4609256
278 5495479
279 6212446
280 4746535
281 4744317
282 4773741
283 5163128
284 6547385
285 5402969
286 5619103
287 5502554
288 7589944
289 5088639
290 5126167
291 5260009
292 5175975
293 7180534
294 5784621
295 6046845
296 5643227
297 8021319
298 10410612
299 7980292
300 7879425
