1 1073
2 417
3 424
4 389
5 382
6 1943
7 1248
8 1462
9 1417
10 1962
11 2747
12 3777
13 3671
14 5316
15 6197
16 4662
17 12506
18 7371
19 11422
20 10201
21 14779
22 9084
23 14784
24 17154
25 22670
26 22074
27 23377
28 63228
29 44990
30 54990
31 60061
32 27984
33 30226
34 32516
35 48620
36 44921
37 40498
38 57877
39 51005
40 44085
41 36297
42 54050
43 50292
44 63611
45 54673
46 58447
47 63290
48 78143
49 63461
50 64433
51 90294
52 83297
53 78222
54 92135
55 105662
56 106143
57 82765
58 111576
59 107089
60 85252
61 108256
62 122610
63 131978
64 103011
65 132245
66 143672
67 145547
68 146362
69 110803
70 106600
71 107899
72 145783
73 130562
74 148957
75 158011
76 146448
77 164103
78 179965
79 177705
80 190240
81 166293
82 176199
83 230759
84 177977
85 212220
86 241099
87 227998
88 215447
89 235235
90 264831
91 214403
92 246634
93 295634
94 257516
95 245458
96 275482
97 241758
98 292747
99 247658
100 266024
101 1962851
102 289739
103 324337
104 282823
105 301183
106 294606
107 396997
108 374571
109 287159
110 332039
111 310899
112 412943
113 373537
114 344212
115 496830
116 480818
117 332060
118 342970
119 401592
120 395597
121 340831
122 390436
123 421365
124 419059
125 478233
126 380105
127 591198
128 521284
129 430985
130 379417
131 438156
132 551815
133 494036
134 445696
135 478173
136 518210
137 552826
138 714862
139 618599
140 528986
141 522539
142 699274
143 588403
144 664389
145 685913
146 701656
147 721785
148 659915
149 585663
150 2334401
151 827887
152 1342430
153 1527489
154 1647012
155 1763419
156 707470
157 800999
158 760408
159 1059893
160 916589
161 1116336
162 1064436
163 766079
164 924813
165 992221
166 877119
167 881866
168 611722
169 1008237
170 808934
171 837230
172 699983
173 710114
174 945306
175 875686
176 946383
177 772507
178 1270736
179 1028371
180 821735
181 1004670
182 1230642
183 2698779
184 855117
185 1151553
186 950117
187 927755
188 972507
189 972484
190 1067426
191 1162129
192 1215409
193 1112578
194 897552
195 869694
196 1077853
197 976777
198 1265537
199 1057685
200 1044806
201 1128820
202 1254795
203 958948
204 1120066
205 1422694
206 1469981
207 2744357
208 1415724
209 1331766
210 1222197
211 1618125
212 1142946
213 1199275
214 1142624
215 1185573
216 1343196
217 1188826
218 1162118
219 1326512
220 1122629
221 1244734
222 1243246
223 1528873
224 1060913
225 1564280
226 1592126
227 1268476
228 3225909
229 1889718
230 1805499
231 1344414
232 1534348
233 1419876
234 1799781
235 2071614
236 1659902
237 1770857
238 1523617
239 1416117
240 1559462
241 1358202
242 1533449
243 1452684
244 1637914
245 1438739
246 3151732
247 1971232
248 1674072
249 1443588
250 1696722
251 1651967
252 1930729
253 1629253
254 1579606
255 1659556
256 1586968
257 1866084
258 1771741
259 1691671
260 1827012
261 1833493
262 1746651
263 3234756
264 1740316
265 2177338
266 1970296
267 2151845
268 1765414
269 1979304
270 1968665
271 1723917
272 1678200
273 1960547
274 2477445
275 2093148
276 1932101
277 2073897
278 3622297
279 2111884
280 2001701
281 2188049
282 2796403
283 1958834
284 2338298
285 2538560
286 2624566
287 2394958
288 1942466
289 2778233
290 2889195
291 2084289
292 4124584
293 2651742
294 1974391
295 2698780
296 2433074
297 2369861
298 2264329
299 2388718
300 2564525
301 2171363
302 2310799
303 2177234
304 4274645
305 2584288
306 2479940
307 2180065
308 2541970
309 2727272
310 2733186
311 2615477
312 2684799
313 2762853
314 2785966
315 2809980
316 2799739
317 4616104
318 2691135
319 2451550
320 2506699
321 2619108
322 2323475
323 2975164
324 3930978
325 3148965
326 2902768
327 2246256
328 2890159
329 4669760
330 2907783
331 2808799
332 2791926
333 3016508
334 2996487
335 3153360
336 2992247
337 2504564
338 2729323
339 3225411
340 4504233
341 2775973
342 3356442
343 3228789
344 3263468
345 3622886
346 3681823
347 3146951
348 3098761
349 3386052
350 4875743
351 3772676
352 3667595
353 3343083
354 3649752
355 3792551
356 3687166
357 3384500
358 3524151
359 3905359
360 3169937
361 5663155
362 3564050
363 4241818
364 3451886
365 3342843
366 5164257
367 3560757
368 3772041
369 3984061
370 5497823
371 3138614
372 3731975
373 3555578
374 3740679
375 3475475
376 4093262
377 4665714
378 4537089
379 4403394
380 5654398
381 4570752
382 3552726
383 4702553
384 4339031
385 4293383
386 5292786
387 6074083
388 9272469
389 5056237
390 3857192
391 4197975
392 5065662
393 6345656
394 3899827
395 3961408
396 3836785
397 4791095
398 6599053
399 5477273
400 4580733
401 3972502
402 4163803
403 4091757
404 4235592
405 3816497
406 5877209
407 4053155
408 4056964
409 4385350
410 4088973
411 4417669
412 4462003
413 4635683
414 4745972
415 6072673
416 4932012
417 4551780
418 5345123
419 4650860
420 4774792
421 4636580
422 4944612
423 4415396
424 6023052
425 4771132
426 5532353
427 5192595
428 4223937
429 4916531
430 5568549
431 5281693
432 6877280
433 5082454
434 4856975
435 5325160
436 4843844
437 5074583
438 5872461
439 5253335
440 6455364
441 5189522
442 4813664
443 5174010
444 4830848
445 4587235
446 5318284
447 5575705
448 5341223
449 6751291
450 6208756
451 5289514
452 5455431
453 5183700
454 5380871
455 5128478
456 5084967
457 6719280
458 5094848
459 5019867
460 5745002
461 5127130
462 5707217
463 5501381
464 5068832
465 7264795
466 5687674
467 5350831
468 5309866
469 5214525
470 5592950
471 5490023
472 6201545
473 6990015
474 5455846
475 5532012
476 5376982
477 6079824
478 6136514
479 5821496
480 5934114
481 7612489
482 6038232
483 6191402
484 5839150
485 5309563
486 6389414
487 6386021
488 7218033
489 6369394
490 6221027
491 6567661
492 6352008
493 6031135
494 6656356
495 5761444
496 7609140
497 6606010
498 6060114
499 6264470
500 6327875
