10 1 38 10
10 11 277 12
10 21 1033 13
10 31 1592 15
10 41 102 3
10 51 149 3
10 61 207 3
10 71 275 3
10 81 368 3
10 91 441 3
10 101 545 3
10 111 647 3
10 121 780 3
10 131 893 3
10 141 1031 3
10 151 1233 3
10 161 1337 4
10 171 1518 4
10 181 1687 4
10 191 1884 4
10 201 2081 4
10 211 2305 4
10 221 2500 4
10 231 2772 5
10 241 5761 6
10 251 3231 5
10 261 3478 5
10 271 6245 6
10 281 4036 5
10 291 5312 5
10 301 4760 5
10 311 4959 6
10 321 9838 8
10 331 6164 6
10 341 7075 6
10 351 6261 6
10 361 6681 6
10 371 7016 6
10 381 10913 7
10 391 12792 8
10 401 13118 9
10 411 12755 8
10 421 12456 8
10 431 14252 8
10 441 12124 8
10 451 11283 7
10 461 13038 10
10 471 11403 7
10 481 11836 7
10 491 12330 8
10 501 13306 8
10 511 13315 8
10 521 15190 9
10 531 14490 8
10 541 14839 8
10 551 21637 10
10 561 17439 8
10 571 16848 9
10 581 17280 8
10 591 18172 9
10 601 19191 10
10 611 18894 9
10 621 21874 10
10 631 20738 9
10 641 21398 10
10 651 24328 12
10 661 27628 11
10 671 23393 10
10 681 23549 10
10 691 24531 10
10 701 27349 13
10 711 25911 10
10 721 31668 13
10 731 28675 11
10 741 30322 12
10 751 28724 10
10 761 30347 11
10 771 34477 14
10 781 34622 12
10 791 33108 13
10 801 32521 10
10 811 35340 13
10 821 37338 14
10 831 37157 13
10 841 36527 12
10 851 38751 14
10 861 39294 13
10 871 43044 13
10 881 40800 13
10 891 43688 14
10 901 42186 12
10 911 47899 15
10 921 44138 13
10 931 45650 14
10 941 46563 13
10 951 49680 15
10 961 48974 14
10 971 48287 13
10 981 50669 15
10 991 50693 14
10 1001 52621 15
10 1011 57959 14
10 1021 60591 15
10 1031 54982 14
10 1041 57467 16
10 1051 60927 16
10 1061 59762 16
10 1071 61284 16
10 1081 62052 16
10 1091 67151 17
10 1101 63414 16
10 1111 67574 17
10 1121 66456 16
10 1131 68355 17
10 1141 69914 17
10 1151 71085 17
10 1161 73853 17
10 1171 73430 18
10 1181 75719 17
10 1191 74367 17
10 1201 101963 18
10 1211 78906 18
10 1221 79334 17
10 1231 84462 19
10 1241 83639 19
10 1251 81458 18
10 1261 85931 20
10 1271 108573 18
10 1281 89922 19
10 1291 89085 20
10 1301 90020 18
10 1311 93162 19
10 1321 93123 21
10 1331 94095 19
10 1341 96790 20
10 1351 97813 20
10 1361 98548 20
10 1371 102509 21
10 1381 104625 21
10 1391 102386 21
10 1401 103189 20
10 1411 107673 20
10 1421 107225 21
10 1431 108730 19
10 1441 110736 21
10 1451 113395 21
10 1461 115146 21
10 1471 117148 22
10 1481 115814 21
10 1491 118007 21
10 1501 119476 21
10 1511 121118 22
10 1521 124370 34
10 1531 125500 23
10 1541 127412 23
10 1551 131373 23
10 1561 128633 22
10 1571 138256 22
10 1581 134272 23
10 1591 134171 22
10 1601 135932 22
10 1611 138014 23
10 1621 144001 22
10 1631 141511 22
10 1641 148478 23
10 1651 142348 23
10 1661 145201 21
10 1671 148642 24
10 1681 153607 23
10 1691 170826 23
10 1701 154386 25
10 1711 155750 24
10 1721 157695 24
10 1731 161646 24
10 1741 168058 26
10 1751 163702 24
10 1761 211433 25
10 1771 172504 25
10 1781 170301 25
10 1791 176326 24
10 1801 170466 27
10 1811 178927 25
10 1821 180546 25
10 1831 186070 25
10 1841 184935 26
10 1851 178974 26
10 1861 184106 25
10 1871 191435 26
10 1881 181989 27
10 1891 194377 27
10 1901 189612 26
10 1911 197179 27
10 1921 212557 27
10 1931 224806 28
10 1941 201307 27
10 1951 200939 27
10 1961 203423 27
10 1971 205613 26
10 1981 213058 27
10 1991 218336 28
10 2001 208607 27
10 2011 221934 27
10 2021 211751 27
10 2031 226627 27
10 2041 226350 28
10 2051 218922 4619
10 2061 226556 29
10 2071 226890 28
10 2081 230562 29
10 2091 237397 31
10 2101 233552 29
10 2111 238970 29
10 2121 240144 28
10 2131 245904 29
10 2141 239686 29
10 2151 246816 29
10 2161 251086 28
10 2171 251097 30
10 2181 261432 30
10 2191 247751 29
10 2201 265215 30
10 2211 261481 29
10 2221 271932 27
10 2231 258531 31
10 2241 275237 31
10 2251 273897 31
10 2261 268801 32
10 2271 278017 32
10 2281 274886 31
10 2291 282688 29
10 2301 278862 32
10 2311 292243 32
10 2321 279414 31
10 2331 292839 32
10 2341 314247 32
10 2351 298755 32
10 2361 294272 32
10 2371 301321 32
10 2381 307216 33
10 2391 302521 32
10 2401 312098 44
10 2411 309382 33
10 2421 311926 32
10 2431 312458 33
10 2441 320446 33
10 2451 317182 34
10 2461 328141 33
10 2471 323174 32
10 2481 324713 31
10 2491 337170 33
10 2501 333262 34
10 2511 333192 34
10 2521 336933 34
10 2531 346589 35
10 2541 411054 34
10 2551 350037 33
10 2561 350590 35
10 2571 351707 34
10 2581 359008 33
10 2591 361275 36
10 2601 364186 35
10 2611 369631 34
10 2621 359027 34
10 2631 372021 36
10 2641 399450 36
10 2651 379919 34
10 2661 380576 37
10 2671 377384 36
10 2681 384994 34
10 2691 392410 37
10 2701 390020 34
10 2711 386843 37
10 2721 394586 37
10 2731 398086 36
10 2741 403856 36
10 2751 394795 37
10 2761 411977 34
10 2771 405763 37
10 2781 415787 40
10 2791 413416 37
10 2801 421173 37
10 2811 424390 36
10 2821 419287 38
10 2831 431069 37
10 2841 427279 36
10 2851 433977 38
10 2861 435315 39
10 2871 440245 39
10 2881 477193 38
10 2891 446872 37
10 2901 447708 37
10 2911 452212 38
10 2921 455204 39
10 2931 458163 39
10 2941 460240 39
10 2951 464040 39
10 2961 466030 39
10 2971 473634 40
10 2981 494181 40
10 2991 476879 40
10 3001 481343 41
10 3011 485176 41
10 3021 482248 38
10 3031 489935 40
10 3041 497375 39
10 3051 492223 41
10 3061 498463 41
10 3071 503038 38
10 3081 508360 41
10 3091 535009 40
10 3101 512528 43
10 3111 512335 42
10 3121 520132 42
10 3131 521708 43
10 3141 527497 42
10 3151 527741 43
10 3161 534703 42
10 3171 537189 43
10 3181 538912 42
10 3191 541157 43
10 3201 550366 44
10 3211 549713 42
10 3221 551023 43
10 3231 556164 43
10 3241 558191 43
10 3251 560608 42
10 3261 565741 43
10 3271 569741 42
10 3281 605985 43
10 3291 573362 43
10 3301 581587 44
10 3311 580873 43
10 3321 602016 44
10 3331 592350 43
10 3341 600049 40
10 3351 592978 44
10 3361 600094 49
10 3371 602994 44
10 3381 624639 44
10 3391 610271 43
10 3401 616009 45
10 3411 619507 46
10 3421 645987 44
10 3431 625124 42
10 3441 669850 46
10 3451 632543 45
10 3461 646631 46
10 3471 641359 45
10 3481 677866 45
10 3491 635750 43
10 3501 649731 45
10 3511 641859 45
10 3521 651886 47
10 3531 686457 46
10 3541 674205 46
10 3551 665043 46
10 3561 665994 46
10 3571 669776 46
10 3581 690293 46
10 3591 706734 47
10 3601 696328 46
10 3611 684713 48
10 3621 686961 49
10 3631 689065 46
10 3641 696187 44
10 3651 697352 48
10 3661 701038 48
10 3671 706144 50
10 3681 709357 48
10 3691 712717 49
10 3701 719860 49
10 3711 720599 46
10 3721 716711 49
10 3731 749400 47
10 3741 733025 49
10 3751 731906 41
10 3761 733405 46
10 3771 740200 48
10 3781 754461 49
10 3791 746411 48
10 3801 748020 46
10 3811 756016 46
10 3821 760598 49
10 3831 768707 49
10 3841 772394 51
10 3851 774204 47
10 3861 784216 50
10 3871 808167 50
10 3881 799454 50
10 3891 791264 50
10 3901 800543 59
10 3911 800544 46
10 3921 803775 51
10 3931 808994 50
10 3941 813724 49
10 3951 814331 50
10 3961 819002 51
10 3971 823627 50
10 3981 824384 53
10 3991 861895 53
10 4001 861411 53
10 4011 876516 51
10 4021 847229 53
10 4031 873685 53
10 4041 852772 53
10 4051 856601 50
10 4061 859815 52
10 4071 863757 60
10 4081 899722 52
10 4091 877133 53
10 4101 901707 51
10 4111 888866 55
10 4121 887718 55
10 4131 916690 51
10 4141 898067 50
10 4151 900883 55
10 4161 903085 54
10 4171 910509 54
10 4181 938400 52
10 4191 918907 55
10 4201 921838 54
10 4211 981370 54
10 4221 936263 52
10 4231 940165 55
10 4241 939656 55
10 4251 946605 55
10 4261 950107 53
10 4271 953102 55
10 4281 958223 55
10 4291 961941 53
10 4301 966609 50
10 4311 970743 53
10 4321 1005438 54
10 4331 979693 56
10 4341 982966 55
10 4351 991222 55
10 4361 992964 54
10 4371 997087 55
10 4381 983303 55
10 4391 1005418 56
10 4401 1011512 67
10 4411 1013812 55
10 4421 1047531 59
10 4431 1024467 57
10 4441 1033679 57
10 4451 1065935 58
10 4461 1035631 52
10 4471 1042942 56
10 4481 1045406 59
10 4491 1055169 57
10 4501 1056106 59
10 4511 1087881 56
10 4521 1072192 58
10 4531 1084438 53
10 4541 1073083 58
10 4551 1081816 58
10 4561 1087531 59
10 4571 1086555 59
10 4581 1118684 60
10 4591 1098101 58
10 4601 1101116 59
10 4611 1140471 60
10 4621 1112579 59
10 4631 1177148 55
10 4641 1122301 59
10 4651 1127625 60
10 4661 1130327 57
10 4671 1139756 61
10 4681 1140209 59
10 4691 1177907 61
10 4701 1154425 61
10 4711 1159857 60
10 4721 1163225 60
10 4731 1166947 60
10 4741 1207049 60
10 4751 1176519 61
10 4761 1184404 62
10 4771 1187457 60
10 4781 1222668 62
10 4791 1207954 59
10 4801 1203544 62
10 4811 1209525 74
10 4821 1212574 62
10 4831 1217164 62
10 4841 1222256 61
10 4851 1226912 60
10 4861 1263558 63
10 4871 1247090 65
10 4881 1421739 63
10 4891 1492735 101
10 4901 1253739 62
10 4911 1261869 55
10 4921 1271867 62
10 4931 1268207 64
10 4941 1301899 63
10 4951 1278852 64
10 4961 1299150 61
10 4971 1308412 62
10 4981 1294795 65
10 4991 1298900 64
10 5001 1302477 75
10 5011 1342288 60
10 5021 1319210 61
10 5031 1318536 60
10 5041 1322530 63
10 5051 1328360 64
10 5061 1332877 64
10 5071 1340495 65
10 5081 1342244 63
10 5091 1380106 63
10 5101 1381130 63
10 5111 1363142 65
10 5121 1365730 66
10 5131 1372775 65
10 5141 1378379 68
10 5151 1383373 66
10 5161 1419873 66
10 5171 1394409 65
10 5181 1398497 64
10 5191 1406093 68
10 5201 1412492 67
10 5211 1490492 68
10 5221 1415826 65
10 5231 1454518 66
10 5241 1442440 67
10 5251 1434813 64
10 5261 1437542 67
10 5271 1448235 67
10 5281 1448547 88
10 5291 1455478 67
10 5301 1495563 79
10 5311 1467156 62
10 5321 1514291 68
10 5331 1478977 58
10 5341 1483190 110
10 5351 1493972 1708
10 5361 1494774 67
10 5371 1528905 66
10 5381 1508194 63
10 5391 1519361 64
10 5401 1517507 68
10 5411 1521684 67
10 5421 1530882 69
10 5431 1566348 69
10 5441 1549704 54
10 5451 1547014 70
10 5461 1552373 70
10 5471 1551647 70
10 5481 1552649 69
10 5491 1563102 66
10 5501 1646080 69
10 5511 1577582 69
10 5521 1586164 68
10 5531 1590660 72
10 5541 1596547 70
10 5551 1634290 70
10 5561 1627933 68
10 5571 1602926 70
10 5581 1610381 72
10 5591 1614844 67
10 5601 1618560 71
10 5611 1630123 69
10 5621 1661654 72
10 5631 1638595 71
10 5641 1648039 71
10 5651 1652214 72
10 5661 1657252 71
10 5671 1662121 72
10 5681 1698659 71
10 5691 1679107 70
10 5701 1735409 72
10 5711 1687519 70
10 5721 1690509 71
10 5731 1695383 61
10 5741 1735166 71
10 5751 1710460 74
10 5761 1723010 71
10 5771 1722100 73
10 5781 1776836 72
10 5791 1779033 70
10 5801 1823994 79
10 5811 1804877 72
10 5821 1816298 74
10 5831 1769857 76
10 5841 1827978 74
10 5851 1862055 72
10 5861 1950208 75
10 5871 1855174 87
10 5881 1846708 74
10 5891 1806703 74
10 5901 1813788 75
10 5911 1850314 72
10 5921 1826711 75
10 5931 1832676 75
10 5941 1836695 72
10 5951 1844049 75
10 5961 1881883 75
10 5971 1876049 72
10 5981 1864230 77
10 5991 1867346 75
10 6001 1876634 72
10 6011 1910412 76
10 6021 1897065 75
10 6031 1896726 78
10 6041 1896361 75
10 6051 1891491 76
10 6061 1897986 72
10 6071 1970374 77
10 6081 1908752 77
10 6091 1918291 78
10 6101 1919257 74
10 6111 1931274 77
10 6121 2017802 77
10 6131 1946356 77
10 6141 1958024 77
10 6151 1976882 79
10 6161 1976944 75
10 6171 2007749 78
10 6181 1994128 78
10 6191 1994667 79
10 6201 2000585 77
10 6211 2003510 75
10 6221 2045595 73
10 6231 2020854 79
10 6241 2030486 80
10 6251 2025459 79
10 6261 2036695 79
10 6271 2075515 90
10 6281 2051206 75
10 6291 2058875 79
10 6301 2062537 79
10 6311 2073137 80
10 6321 2111728 80
10 6331 2097620 77
10 6341 2092701 81
10 6351 2099021 77
10 6361 2136487 79
10 6371 2113164 80
10 6381 2127306 81
10 6391 2125272 80
10 6401 2132111 81
10 6411 2167998 82
10 6421 2146058 81
10 6431 2213548 80
10 6441 2235316 82
10 6451 2128187 73
10 6461 2228752 81
10 6471 2190025 79
10 6481 2207361 80
10 6491 2192307 77
10 6501 2230966 81
10 6511 2206271 84
10 6521 2212666 80
10 6531 2219665 81
10 6541 2220911 75
10 6551 2256912 82
10 6561 2231811 82
10 6571 2229014 81
10 6581 2238741 79
10 6591 2279024 83
10 6601 2319962 83
10 6611 2263454 82
10 6621 2272479 82
10 6631 2295048 119
10 6641 2280792 84
10 6651 2291105 83
10 6661 2290760 84
10 6671 2300990 81
10 6681 2335016 83
10 6691 2311145 85
10 6701 2314112 82
10 6711 2326945 85
10 6721 2362103 84
10 6731 2339340 82
10 6741 2347044 79
10 6751 2356657 85
10 6761 2395624 85
10 6771 2365571 88
10 6781 2376614 88
10 6791 2378000 79
10 6801 2393548 84
10 6811 2422786 86
10 6821 2402301 84
10 6831 2405135 82
10 6841 2412643 83
10 6851 2451051 82
10 6861 2436197 89
10 6871 2433811 84
10 6881 2440212 86
10 6891 2478477 87
10 6901 2463708 87
10 6911 2476297 88
10 6921 2474507 86
10 6931 2501962 83
10 6941 2482926 85
10 6951 2491101 86
10 6961 2502050 83
10 6971 2565953 87
10 6981 2514468 87
10 6991 2527594 89
10 7001 2534981 91
10 7011 2567928 88
10 7021 2539708 94
10 7031 2545973 86
10 7041 2559638 86
10 7051 2593982 84
10 7061 2570690 88
10 7071 2580901 88
10 7081 2609727 88
10 7091 2641921 90
10 7101 2621492 89
10 7111 2705469 89
10 7121 2745984 80
10 7131 2717734 88
10 7141 2726331 90
10 7151 2735266 88
10 7161 2768359 91
10 7171 2751008 103
10 7181 2762378 87
10 7191 2899698 88
10 7201 2717550 93
10 7211 2767648 70
10 7221 2780381 91
10 7231 2829021 90
10 7241 2802809 90
10 7251 2789405 91
10 7261 2798598 90
10 7271 2837562 92
10 7281 2816876 90
10 7291 2824196 83
10 7301 2866110 91
10 7311 2759405 91
10 7321 2764583 89
10 7331 2767163 87
10 7341 2809811 92
10 7351 2797623 91
10 7361 2796552 90
10 7371 2837346 93
10 7381 2863082 91
10 7391 2857713 89
10 7401 2843456 100
10 7411 2910027 85
10 7421 2859171 89
10 7431 2882562 90
10 7441 2910150 92
10 7451 2884385 88
10 7461 2889997 94
10 7471 2934216 93
10 7481 2937056 94
10 7491 2918155 94
10 7501 2928006 106
10 7511 2967424 93
10 7521 2942388 94
10 7531 2950307 92
10 7541 2961273 107
10 7551 2996952 92
10 7561 2960201 90
10 7571 2977247 93
10 7581 3021753 95
10 7591 2996838 96
10 7601 3004378 85
10 7611 3044102 94
10 7621 3022641 92
10 7631 3027812 106
10 7641 3032249 94
10 7651 3069424 98
10 7661 3052304 83
10 7671 3064428 90
10 7681 3097743 97
10 7691 3076164 96
10 7701 3949836 87
10 7711 3124472 93
10 7721 3102706 96
10 7731 3107939 91
10 7741 3148045 99
10 7751 3131953 97
10 7761 3136641 98
10 7771 3174868 97
10 7781 3147635 94
10 7791 3154444 100
10 7801 3190710 97
10 7811 3190373 96
10 7821 3174180 98
10 7831 3213483 93
10 7841 3200996 87
10 7851 3206961 83
10 7861 3223242 96
10 7871 3247139 96
10 7881 3209007 91
10 7891 3213096 98
10 7901 3361728 98
10 7911 3247516 95
10 7921 3260307 96
10 7931 3374503 110
10 7941 3260910 100
10 7951 3257377 97
10 7961 3293730 98
10 7971 3275835 101
10 7981 3383139 100
10 7991 3338056 99
10 8001 3333607 100
10 8011 3434774 99
10 8021 3378535 98
10 8031 3353530 100
10 8041 3360053 92
10 8051 3498389 98
10 8061 3378661 99
10 8071 3363018 102
10 8081 3499214 97
10 8091 3386421 98
10 8101 3384768 95
10 8111 3448184 102
10 8121 3432718 98
10 8131 3563426 100
10 8141 3438170 99
10 8151 3450356 88
10 8161 3503580 102
10 8171 3500396 96
10 8181 3479078 101
10 8191 3514541 102
10 8201 3470095 94
10 8211 3477788 103
10 8221 3518279 100
10 8231 3491339 97
10 8241 3606793 98
10 8251 3572410 246
10 8261 3551910 100
10 8271 3650088 103
10 8281 3592679 101
10 8291 3568362 102
10 8301 3585994 102
10 8311 3564640 113
10 8321 3671894 102
10 8331 3607033 109
10 8341 3593180 104
10 8351 3706940 125
10 8361 3642445 103
10 8371 3641954 100
10 8381 3642868 115
10 8391 3685995 105
10 8401 3668007 105
10 8411 3711310 98
10 8421 3687683 101
10 8431 3701487 103
10 8441 3708582 102
10 8451 3695137 105
10 8461 3694112 105
10 8471 3735351 104
10 8481 3733519 106
10 8491 3768650 100
10 8501 3779846 101
10 8511 3769062 98
10 8521 3806228 97
10 8531 3782585 105
10 8541 3784552 116
10 8551 3810942 100
10 8561 3789497 101
10 8571 3826140 101
10 8581 3901080 93
10 8591 3798850 107
10 8601 3850376 106
10 8611 3947191 107
10 8621 3862107 117
10 8631 3884814 109
10 8641 3847275 106
10 8651 3906778 107
10 8661 3973031 108
10 8671 3875138 108
10 8681 3920640 106
10 8691 4007060 220
10 8701 3946828 107
10 8711 3919903 102
10 8721 3919754 99
10 8731 3965949 106
10 8741 3939487 101
10 8751 3987350 103
10 8761 3997125 110
10 8771 3995901 108
10 8781 4034266 105
10 8791 4014519 104
10 8801 4051710 110
10 8811 4053209 108
10 8821 4038929 110
10 8831 4096144 120
10 8841 4060356 106
10 8851 4072777 108
10 8861 4050567 106
10 8871 4059027 104
10 8881 4100807 108
10 8891 4098294 106
10 8901 4151465 102
10 8911 4145928 112
10 8921 4166710 104
10 8931 4149591 106
10 8941 4147398 110
10 8951 4189720 109
10 8961 4169759 108
10 8971 4213597 108
10 8981 4200279 104
10 8991 4201053 112
10 9001 4246946 108
10 9011 4197341 110
10 9021 4234169 112
10 9031 4205725 109
10 9041 4361910 111
10 9051 4351049 110
10 9061 4234662 132
10 9071 4295073 115
10 9081 4287671 106
10 9091 4365456 113
10 9101 4300451 112
10 9111 4341611 111
10 9121 4320657 112
10 9131 4328662 115
10 9141 4382315 108
10 9151 4355498 104
10 9161 4399483 101
10 9171 4372995 112
10 9181 6795541 181
10 9191 4393346 122
10 9201 4439680 114
10 9211 4446664 115
10 9221 4427733 112
10 9231 4411180 114
10 9241 4460758 119
10 9251 4452656 112
10 9261 4467484 114
10 9271 4512439 109
10 9281 4473218 113
10 9291 4653914 115
10 9301 4545478 112
10 9311 4540678 114
10 9321 4528234 118
10 9331 4570493 117
10 9341 4530543 115
10 9351 4713454 112
10 9361 4713925 117
10 9371 4565458 116
10 9381 4609850 126
10 9391 4582279 112
10 9401 4768203 110
10 9411 4606282 118
10 9421 4643828 110
10 9431 4755065 119
10 9441 4788766 117
10 9451 4644438 115
10 9461 4695989 111
10 9471 4663965 127
10 9481 4705463 118
10 9491 4683382 162
10 9501 4722478 119
10 9511 4700912 118
10 9521 4740216 114
10 9531 4735509 112
10 9541 4723745 117
10 9551 4766277 116
10 9561 5822830 270
10 9571 4795295 118
10 9581 4768608 114
10 9591 4811347 117
10 9601 4784040 116
10 9611 4853695 120
10 9621 4809257 115
10 9631 6194592 117
10 9641 4793572 129
10 9651 4835367 112
10 9661 4808805 123
10 9671 4851192 119
10 9681 4826969 116
10 9691 4882020 121
10 9701 4848790 109
10 9711 4915640 117
10 9721 4877446 109
10 9731 4950514 121
10 9741 4929783 114
10 9751 5112970 117
10 9761 5448941 114
10 9771 4985321 122
10 9781 4971504 120
10 9791 5159762 114
10 9801 5000856 116
10 9811 5045425 119
10 9821 5013402 122
10 9831 5057225 120
10 9841 5028061 117
10 9851 5095793 119
10 9861 5057467 128
10 9871 5097758 120
10 9881 5103559 121
10 9891 5105075 121
10 9901 5072039 109
10 9911 5066495 125
10 9921 5099138 121
10 9931 5137753 121
10 9941 5170465 123
10 9951 5144114 114
10 9961 5192648 123
10 9971 5161485 119
10 9981 5198763 125
10 9991 5189316 132
