100 1 0
100 11 4
100 21 22
100 31 1
100 41 1
100 51 1
100 61 6
100 71 16
100 81 4
100 91 6
100 101 9
100 111 7
100 121 17
100 131 16
100 141 25
100 151 20
100 161 33
100 171 41
100 181 29
100 191 41
100 201 86
100 211 91
100 221 128
100 231 92
100 241 42
100 251 114
100 261 100
100 271 136
100 281 114
100 291 132
100 301 129
100 311 90
100 321 84
100 331 103
100 341 106
100 351 114
100 361 124
100 371 125
100 381 159
100 391 173
100 401 181
100 411 180
100 421 177
100 431 171
100 441 177
100 451 215
100 461 186
100 471 212
100 481 204
100 491 228
100 501 244
100 511 248
100 521 241
100 531 247
100 541 259
100 551 273
100 561 300
100 571 297
100 581 322
100 591 324
100 601 324
100 611 365
100 621 351
100 631 397
100 641 374
100 651 376
100 661 423
100 671 426
100 681 448
100 691 732
100 701 471
100 711 488
100 721 470
100 731 484
100 741 553
100 751 549
100 761 537
100 771 543
100 781 563
100 791 620
100 801 611
100 811 605
100 821 644
100 831 619
100 841 647
100 851 693
100 861 1001
100 871 712
100 881 766
100 891 695
100 901 763
100 911 789
100 921 803
100 931 726
100 941 850
100 951 811
100 961 869
100 971 851
100 981 1730
100 991 972
