1 1 22 6
101 1 116 43
201 1 246 83
301 1 348 143
401 1 69 9
501 1 83 10
601 1 99 12
701 1 119 14
801 1 127 67
901 1 143 17
1001 1 160 20
1 101 58 2
101 101 6014 8
201 101 14945 17
301 101 22896 23
401 101 32163 32
501 101 36927 34
601 101 39909 39
701 101 46481 47
801 101 52991 177
901 101 58128 63
1001 101 63653 72
1 201 214 4
101 201 68285 16
201 201 51181 20
301 201 72824 28
401 201 95506 40
501 201 116650 47
601 201 140541 54
701 201 161359 58
801 201 204863 67
901 201 205880 76
1001 201 227175 86
1 301 549 3
101 301 60747 15
201 301 105436 25
301 301 155412 36
401 301 204418 46
501 301 253372 59
601 301 300356 76
701 301 350056 69
801 301 413986 77
901 301 450792 80
1001 301 505533 95
1 401 842 6
101 401 94815 18
201 401 180417 28
301 401 272280 39
401 401 360820 49
501 401 439602 63
601 401 529661 72
701 401 617037 79
801 401 702678 86
901 401 789613 92
1001 401 873072 103
1 501 1272 5
101 501 148468 19
201 501 276868 31
301 501 427620 45
401 501 585955 55
501 501 683038 69
601 501 819585 75
701 501 978315 88
801 501 1096419 93
901 501 1225499 102
1001 501 1400282 114
1 601 2231 4
101 601 201751 22
201 601 396036 34
301 601 591340 48
401 601 783672 66
501 601 980354 68
601 601 1210009 79
701 601 1406816 95
801 601 1566272 99
901 601 1768524 112
1001 601 2047431 120
1 701 2477 7
101 701 272677 24
201 701 534819 37
301 701 823094 51
401 701 1104622 65
501 701 1325096 79
601 701 1603024 83
701 701 1869535 102
801 701 2119819 119
901 701 2515412 119
1001 701 2747590 127
1 801 3518 3
101 801 354388 27
201 801 709337 40
301 801 1044733 53
401 801 1423666 67
501 801 1735808 80
601 801 2089275 94
701 801 2532682 101
801 801 2864112 114
901 801 3102680 125
1001 801 3484568 138
1 901 4545 2
101 901 444037 29
201 901 893071 44
301 901 1321292 60
401 901 1748462 69
501 901 2183832 88
601 901 2655388 153
701 901 3065329 121
801 901 3485919 119
901 901 4010994 133
1001 901 4366050 206
