1 10 43 8
11 10 254 10
21 10 755 14
31 10 637 18
41 10 40 3
51 10 47 3
61 10 54 3
71 10 64 3
81 10 71 3
91 10 81 3
101 10 88 4
111 10 98 4
121 10 121 4
131 10 115 4
141 10 158 4
151 10 132 5
161 10 139 5
171 10 150 5
181 10 160 5
191 10 167 5
201 10 172 5
211 10 183 6
221 10 188 5
231 10 200 6
241 10 209 6
251 10 221 6
261 10 228 6
271 10 230 6
281 10 245 6
291 10 255 7
301 10 262 7
311 10 265 7
321 10 336 8
331 10 287 8
341 10 295 8
351 10 307 8
361 10 320 8
371 10 326 8
381 10 373 8
391 10 333 9
401 10 378 9
411 10 355 9
421 10 365 9
431 10 367 9
441 10 381 9
451 10 412 10
461 10 390 10
471 10 405 10
481 10 421 10
491 10 415 10
501 10 445 11
511 10 482 11
521 10 441 12
531 10 490 12
541 10 465 12
551 10 474 12
561 10 490 12
571 10 499 12
581 10 501 12
591 10 500 12
601 10 517 13
611 10 535 13
621 10 534 13
631 10 582 13
641 10 551 14
651 10 574 13
661 10 569 14
671 10 609 14
681 10 586 15
691 10 596 15
701 10 603 15
711 10 618 15
721 10 600 15
731 10 664 15
741 10 646 16
751 10 657 16
761 10 684 16
771 10 700 17
781 10 672 17
791 10 691 17
801 10 728 17
811 10 691 17
821 10 710 18
831 10 751 18
841 10 745 18
851 10 742 18
861 10 750 18
871 10 784 20
881 10 757 20
891 10 788 20
901 10 780 20
911 10 782 20
921 10 820 20
931 10 802 20
941 10 829 20
951 10 826 20
961 10 838 20
971 10 835 22
981 10 850 21
991 10 851 22
1001 10 835 22
1011 10 897 22
1021 10 841 22
1031 10 843 22
1041 10 901 22
1051 10 909 23
1061 10 883 23
1071 10 1280 24
1081 10 933 23
1091 10 908 27
1101 10 931 24
1111 10 932 24
1121 10 1018 25
1131 10 957 25
1141 10 996 25
1151 10 1000 25
1161 10 996 25
1171 10 989 26
1181 10 1037 26
1191 10 1023 26
1201 10 1023 26
1211 10 82884 26
1221 10 1064 27
1231 10 1137 27
1241 10 1037 27
1251 10 1041 27
1261 10 1080 29
1271 10 1121 28
1281 10 1078 28
1291 10 1122 28
1301 10 1122 29
1311 10 1147 29
1321 10 1147 29
1331 10 1186 29
1341 10 1175 29
1351 10 1199 30
1361 10 1150 29
1371 10 1189 30
1381 10 1219 33
1391 10 1193 32
1401 10 1239 32
1411 10 1173 30
1421 10 1298 31
1431 10 1225 32
1441 10 1506 34
1451 10 2939 38
1461 10 1245 32
1471 10 1364 32
1481 10 1323 32
1491 10 1443 34
1501 10 1244 32
1511 10 1380 35
1521 10 1290 34
1531 10 1439 34
1541 10 1283 33
1551 10 1335 34
1561 10 1520 35
1571 10 1457 34
1581 10 1320 34
1591 10 1367 36
1601 10 1372 35
1611 10 1360 35
1621 10 1731 37
1631 10 1433 37
1641 10 1357 36
1651 10 1446 40
1661 10 1723 39
1671 10 1456 36
1681 10 1420 36
1691 10 1457 37
1701 10 1542 37
1711 10 1473 37
1721 10 1430 38
1731 10 1462 39
1741 10 1449 38
1751 10 1518 39
1761 10 1552 39
1771 10 1739 41
1781 10 1675 40
1791 10 2686 72
1801 10 1528 595
1811 10 1653 39
1821 10 1743 43
1831 10 1692 41
1841 10 1682 42
1851 10 1699 41
1861 10 1594 41
1871 10 1677 43
1881 10 1773 41
1891 10 1626 43
1901 10 1780 42
1911 10 1807 41
1921 10 1620 42
1931 10 1942 44
1941 10 1619 42
1951 10 1708 43
1961 10 1682 42
1971 10 1717 43
1981 10 2048 49
1991 10 1686 43
2001 10 1680 44
2011 10 1720 45
2021 10 2141 66
2031 10 1727 45
2041 10 1810 45
2051 10 1792 49
2061 10 1785 48
2071 10 1786 46
2081 10 1764 45
2091 10 1727 46
2101 10 1838 48
2111 10 1815 48
2121 10 1808 47
2131 10 1814 47
2141 10 2011 47
2151 10 1830 47
2161 10 1958 49
2171 10 1847 50
2181 10 1970 51
2191 10 1972 49
2201 10 1838 49
2211 10 1857 50
2221 10 2005 52
2231 10 2089 52
2241 10 2049 52
2251 10 1946 50
2261 10 1914 50
2271 10 3185 73
2281 10 1918 49
2291 10 2001 53
2301 10 1915 51
2311 10 1942 52
2321 10 1906 51
2331 10 1957 55
2341 10 2333 52
2351 10 1981 51
2361 10 2082 53
2371 10 2050 56
2381 10 2449 56
2391 10 1961 53
2401 10 2089 59
2411 10 2006 55
2421 10 2076 53
2431 10 2310 55
2441 10 2074 70
2451 10 2118 55
2461 10 2063 55
2471 10 2318 56
2481 10 2112 55
2491 10 2120 55
2501 10 2097 58
2511 10 2174 56
2521 10 2273 56
2531 10 2148 54
2541 10 2295 57
2551 10 2215 57
2561 10 4681 92
2571 10 2839 61
2581 10 2430 63
2591 10 2193 56
2601 10 2432 58
2611 10 2531 63
2621 10 2505 62
2631 10 2255 59
2641 10 2506 74
2651 10 2257 58
2661 10 2444 61
2671 10 2258 60
2681 10 2595 67
2691 10 2373 62
2701 10 2374 61
2711 10 2327 59
2721 10 3069 67
2731 10 2305 59
2741 10 2522 62
2751 10 2498 67
2761 10 2572 66
2771 10 2523 71
2781 10 2507 66
2791 10 2770 65
2801 10 2355 1015
2811 10 2722 69
2821 10 3128 70
2831 10 2680 67
2841 10 2714 74
2851 10 2766 70
2861 10 2448 64
2871 10 3059 81
2881 10 2427 63
2891 10 3164 100
2901 10 2445 66
2911 10 2816 66
2921 10 2546 65
2931 10 2573 70
2941 10 2437 65
2951 10 3017 78
2961 10 20183 75
2971 10 2531 71
2981 10 2655 69
2991 10 2678 71
3001 10 2769 70
3011 10 2607 72
3021 10 2723 68
3031 10 2982 86
3041 10 2502 71
3051 10 2981 79
3061 10 2700 71
3071 10 2786 73
3081 10 2745 74
3091 10 2743 72
3101 10 2955 77
3111 10 3287 98
3121 10 2620 70
3131 10 3089 76
3141 10 3014 86
3151 10 2705 71
3161 10 3312 88
3171 10 2914 82
3181 10 2690 73
3191 10 2802 100
3201 10 3145 119
3211 10 2696 76
3221 10 2706 78
3231 10 2746 441
3241 10 2732 76
3251 10 2794 72
3261 10 2688 73
3271 10 2907 76
3281 10 2956 84
3291 10 2774 73
3301 10 2848 80
3311 10 3069 89
3321 10 5314 126
3331 10 2880 78
3341 10 3028 86
3351 10 2805 74
3361 10 2938 75
3371 10 2950 78
3381 10 2960 77
3391 10 3083 76
3401 10 2885 82
3411 10 2885 81
3421 10 3227 94
3431 10 2877 80
3441 10 2924 85
3451 10 3020 86
3461 10 3249 107
3471 10 2952 79
3481 10 2990 89
3491 10 2901 83
3501 10 3287 130
3511 10 2928 80
3521 10 2986 82
3531 10 3177 98
3541 10 3030 83
3551 10 3653 136
3561 10 3002 83
3571 10 2938 81
3581 10 3012 85
3591 10 3380 90
3601 10 3065 85
3611 10 3077 141
3621 10 2975 88
3631 10 3472 84
3641 10 3223 86
3651 10 3390 86
3661 10 3091 85
3671 10 3123 84
3681 10 3085 89
3691 10 3271 88
3701 10 3290 94
3711 10 4279 91
3721 10 3186 86
3731 10 3626 103
3741 10 3312 103
3751 10 3589 101
3761 10 3292 88
3771 10 3289 96
3781 10 3600 122
3791 10 3230 101
3801 10 3408 110
3811 10 3835 118
3821 10 3170 91
3831 10 3518 106
3841 10 3393 95
3851 10 3635 109
3861 10 3388 96
3871 10 3375 92
3881 10 3553 103
3891 10 3452 93
3901 10 3589 116
3911 10 3320 248
3921 10 3400 100
3931 10 3592 100
3941 10 3351 99
3951 10 3870 206
3961 10 3357 97
3971 10 3521 96
3981 10 3374 92
3991 10 3309 94
4001 10 3766 133
4011 10 8951 101
4021 10 3430 103
4031 10 3409 98
4041 10 3820 138
4051 10 3430 107
4061 10 3391 110
4071 10 5484 131
4081 10 3415 99
4091 10 3419 104
4101 10 4176 136
4111 10 3875 103
4121 10 3595 102
4131 10 3839 125
4141 10 3702 114
4151 10 3459 101
4161 10 3552 110
4171 10 3588 107
4181 10 3500 107
4191 10 3857 130
4201 10 3661 123
4211 10 3892 116
4221 10 3687 111
4231 10 3548 108
4241 10 3795 107
4251 10 3818 129
4261 10 3798 122
4271 10 3613 106
4281 10 3621 107
4291 10 4456 174
4301 10 3696 112
4311 10 3697 117
4321 10 3679 120
4331 10 3559 111
4341 10 3902 112
4351 10 3750 117
4361 10 3679 119
4371 10 3956 150
4381 10 3713 132
4391 10 3707 113
4401 10 3875 136
4411 10 3893 126
4421 10 3799 138
4431 10 3754 112
4441 10 3958 121
4451 10 4185 127
4461 10 4249 237
4471 10 3915 127
4481 10 4037 147
4491 10 3840 123
4501 10 4178 138
4511 10 4087 134
4521 10 4112 128
4531 10 4123 130
4541 10 4012 139
4551 10 4048 119
4561 10 3992 126
4571 10 4263 143
4581 10 3919 121
4591 10 4230 129
4601 10 3898 120
4611 10 4334 160
4621 10 4091 124
4631 10 3960 121
4641 10 3856 117
4651 10 4724 172
4661 10 3939 128
4671 10 3880 122
4681 10 3997 130
4691 10 3994 118
4701 10 4218 128
4711 10 4064 137
4721 10 4395 148
4731 10 3995 125
4741 10 4398 164
4751 10 4015 129
4761 10 4055 136
4771 10 4306 156
4781 10 4018 131
4791 10 4255 142
4801 10 6644 120
4811 10 4981 235
4821 10 3982 131
4831 10 4525 165
4841 10 13125 160
4851 10 4230 150
4861 10 5069 127
4871 10 4838 173
4881 10 4025 212
4891 10 4552 158
4901 10 4359 131
4911 10 4524 146
4921 10 4240 134
4931 10 4509 146
4941 10 4883 183
4951 10 4200 142
4961 10 4461 164
4971 10 4221 146
4981 10 4253 147
4991 10 4162 151
5001 10 4184 149
5011 10 4252 145
5021 10 4632 182
5031 10 4392 171
5041 10 4200 141
5051 10 4256 143
5061 10 4629 146
5071 10 4329 143
5081 10 4361 147
5091 10 4638 153
5101 10 4258 145
5111 10 4918 160
5121 10 4345 148
5131 10 4351 172
5141 10 8256 221
5151 10 4501 193
5161 10 4350 144
5171 10 4348 146
5181 10 7167 172
5191 10 4277 153
5201 10 5274 143
5211 10 4373 143
5221 10 4559 157
5231 10 4499 161
5241 10 5504 146
5251 10 4366 156
5261 10 4509 207
5271 10 4412 309
5281 10 4457 161
5291 10 4496 151
5301 10 4695 166
5311 10 4446 158
5321 10 4585 144
5331 10 4556 155
5341 10 6260 172
5351 10 4430 158
5361 10 4564 176
5371 10 4446 159
5381 10 4890 153
5391 10 4641 171
5401 10 5015 160
5411 10 4586 377
5421 10 4600 163
5431 10 4575 165
5441 10 4774 179
5451 10 4576 209
5461 10 4864 179
5471 10 4562 168
5481 10 5284 178
5491 10 4606 158
5501 10 4932 188
5511 10 4653 163
5521 10 5478 232
5531 10 5063 179
5541 10 10524 158
5551 10 4701 173
5561 10 4852 164
5571 10 4756 165
5581 10 4739 167
5591 10 5152 188
5601 10 4768 165
5611 10 4729 219
5621 10 4670 167
5631 10 5049 187
5641 10 4855 182
5651 10 4839 175
5661 10 5012 173
5671 10 4985 203
5681 10 4953 196
5691 10 4919 194
5701 10 5029 201
5711 10 4878 170
5721 10 4844 173
5731 10 5107 172
5741 10 5252 215
5751 10 4929 176
5761 10 4849 169
5771 10 4931 179
5781 10 8509 241
5791 10 4894 185
5801 10 7641 196
5811 10 5082 185
5821 10 6127 200
5831 10 5352 203
5841 10 4943 189
5851 10 5150 186
5861 10 4866 194
5871 10 5151 185
5881 10 5026 196
5891 10 5113 181
5901 10 5088 185
5911 10 5067 183
5921 10 5146 208
5931 10 5269 193
5941 10 5075 341
5951 10 5004 228
5961 10 5231 184
5971 10 5011 184
5981 10 5520 191
5991 10 5239 200
6001 10 5133 187
6011 10 5401 228
6021 10 5139 194
6031 10 5081 214
6041 10 5215 192
6051 10 5540 184
6061 10 5317 353
6071 10 5665 196
6081 10 5319 230
6091 10 5220 188
6101 10 5113 200
6111 10 5286 181
6121 10 5251 384
6131 10 5151 190
6141 10 5281 193
6151 10 5059 529
6161 10 5237 199
6171 10 10419 185
6181 10 5265 194
6191 10 9969 212
6201 10 5339 190
6211 10 5522 247
6221 10 5215 198
6231 10 5695 228
6241 10 5463 210
6251 10 5231 195
6261 10 5309 481
6271 10 5289 201
6281 10 5564 206
6291 10 5402 217
6301 10 5564 218
6311 10 5538 197
6321 10 6078 192
6331 10 5591 229
6341 10 5480 239
6351 10 5725 211
6361 10 6066 223
6371 10 5423 212
6381 10 6147 203
6391 10 8982 523
6401 10 5338 199
6411 10 7378 207
6421 10 6291 207
6431 10 6480 233
6441 10 5499 206
6451 10 5857 245
6461 10 5462 210
6471 10 5515 207
6481 10 5395 214
6491 10 5621 211
6501 10 5925 220
6511 10 5524 233
6521 10 5464 205
6531 10 6032 245
6541 10 5542 213
6551 10 5764 220
6561 10 5571 221
6571 10 6104 213
6581 10 5868 235
6591 10 5674 239
6601 10 5629 599
6611 10 6221 226
6621 10 5832 218
6631 10 5794 213
6641 10 5701 198
6651 10 5768 223
6661 10 5675 226
6671 10 5954 220
6681 10 5813 221
6691 10 5599 217
6701 10 6172 250
6711 10 5690 229
6721 10 5994 221
6731 10 5782 234
6741 10 10952 224
6751 10 7336 264
6761 10 5614 690
6771 10 6108 288
6781 10 5735 221
6791 10 5781 233
6801 10 6127 229
6811 10 5702 226
6821 10 7258 249
6831 10 6216 756
6841 10 5736 283
6851 10 5784 245
6861 10 5854 241
6871 10 5824 215
6881 10 6100 251
6891 10 5809 243
6901 10 5969 222
6911 10 6252 251
6921 10 6374 264
6931 10 6346 226
6941 10 6712 230
6951 10 6171 4148
6961 10 6215 261
6971 10 6103 248
6981 10 5927 234
6991 10 5982 240
7001 10 6075 270
7011 10 5892 244
7021 10 6466 253
7031 10 6161 263
7041 10 6090 238
7051 10 6099 239
7061 10 6696 278
7071 10 5935 231
7081 10 6091 253
7091 10 5921 228
7101 10 6202 261
7111 10 6108 247
7121 10 6004 235
7131 10 6465 240
7141 10 6813 276
7151 10 5991 239
7161 10 6083 236
7171 10 6347 271
7181 10 6168 250
7191 10 6541 235
7201 10 6262 273
7211 10 6245 242
7221 10 6453 296
7231 10 6075 254
7241 10 8155 256
7251 10 8322 283
7261 10 13488 278
7271 10 6990 246
7281 10 6104 250
7291 10 6101 247
7301 10 6145 250
7311 10 6234 258
7321 10 6211 250
7331 10 6793 280
7341 10 7335 268
7351 10 6296 254
7361 10 6586 314
7371 10 6142 253
7381 10 6553 244
7391 10 7527 303
7401 10 6337 258
7411 10 6720 258
7421 10 6288 247
7431 10 6211 252
7441 10 6265 261
7451 10 6490 258
7461 10 6636 275
7471 10 6347 276
7481 10 6408 250
7491 10 6337 253
7501 10 6319 263
7511 10 6328 267
7521 10 6392 263
7531 10 7612 287
7541 10 6391 267
7551 10 6337 267
7561 10 6957 280
7571 10 6458 252
7581 10 6538 293
7591 10 6628 274
7601 10 7527 294
7611 10 6601 267
7621 10 6743 274
7631 10 6748 298
7641 10 6505 262
7651 10 6844 281
7661 10 8965 298
7671 10 12755 312
7681 10 6585 281
7691 10 7828 317
7701 10 7048 287
7711 10 6894 296
7721 10 6613 289
7731 10 6429 274
7741 10 6918 333
7751 10 11954 271
7761 10 6709 281
7771 10 6992 274
7781 10 6652 264
7791 10 6924 263
7801 10 6813 284
7811 10 7786 280
7821 10 6654 295
7831 10 6842 293
7841 10 6835 302
7851 10 6881 306
7861 10 6858 278
7871 10 7157 266
7881 10 6756 306
7891 10 8345 352
7901 10 7290 334
7911 10 6865 280
7921 10 6838 299
7931 10 7649 452
7941 10 6759 300
7951 10 6981 277
7961 10 6858 293
7971 10 7159 317
7981 10 6711 286
7991 10 7150 297
8001 10 6960 313
8011 10 7344 313
8021 10 6862 279
8031 10 6859 296
8041 10 7280 301
8051 10 6841 285
8061 10 11179 296
8071 10 9622 333
8081 10 7028 299
8091 10 8118 347
8101 10 7608 339
8111 10 6868 334
8121 10 7014 304
8131 10 6937 291
8141 10 7059 300
8151 10 6868 296
8161 10 6921 281
8171 10 7352 296
8181 10 7308 336
8191 10 9906 324
8201 10 6926 295
8211 10 12487 320
8221 10 6961 296
8231 10 7321 318
8241 10 7361 295
8251 10 7043 309
8261 10 7587 308
8271 10 7175 301
8281 10 7329 309
8291 10 7776 319
8301 10 7158 325
8311 10 7189 320
8321 10 14117 297
8331 10 7067 306
8341 10 7256 289
8351 10 7378 310
8361 10 7269 318
8371 10 7084 478
8381 10 7441 301
8391 10 7279 341
8401 10 7252 302
8411 10 7481 304
8421 10 7144 294
8431 10 9222 365
8441 10 9538 309
8451 10 7912 486
8461 10 8180 317
8471 10 7985 324
8481 10 7366 298
8491 10 7420 319
8501 10 7104 561
8511 10 7165 306
8521 10 7245 314
8531 10 7705 353
8541 10 7306 294
8551 10 8625 379
8561 10 7239 300
8571 10 7600 348
8581 10 7514 508
8591 10 7290 306
8601 10 7700 304
8611 10 7385 321
8621 10 7581 335
8631 10 7621 319
8641 10 14423 357
8651 10 8143 335
8661 10 7926 350
8671 10 7381 310
8681 10 7384 338
8691 10 7645 371
8701 10 7363 313
8711 10 7615 319
8721 10 9560 311
8731 10 10001 311
8741 10 8646 360
8751 10 7308 303
8761 10 7628 326
8771 10 7839 355
8781 10 7402 362
8791 10 8609 365
8801 10 7572 334
8811 10 7525 317
8821 10 7813 353
8831 10 8261 329
8841 10 7579 339
8851 10 7730 342
8861 10 7492 328
8871 10 7678 335
8881 10 7700 340
8891 10 7588 325
8901 10 10378 359
8911 10 7840 348
8921 10 8473 326
8931 10 8075 345
8941 10 7873 345
8951 10 7571 333
8961 10 7967 322
8971 10 8147 349
8981 10 7801 334
8991 10 7670 345
9001 10 7838 351
9011 10 8385 375
9021 10 7787 317
9031 10 8073 346
9041 10 7763 358
9051 10 7710 368
9061 10 12866 334
9071 10 8253 346
9081 10 9882 346
9091 10 8535 333
9101 10 10946 360
9111 10 9002 352
9121 10 8871 351
9131 10 8037 338
9141 10 7970 346
9151 10 7665 333
9161 10 8131 326
9171 10 8440 355
9181 10 8977 330
9191 10 7825 342
9201 10 13065 320
9211 10 8547 369
9221 10 8180 1330
9231 10 8325 334
9241 10 8369 385
9251 10 8020 346
9261 10 7971 376
9271 10 8161 375
9281 10 8157 344
9291 10 8186 370
9301 10 8259 341
9311 10 9355 364
9321 10 7924 344
9331 10 8906 358
9341 10 7927 345
9351 10 8244 370
9361 10 8284 337
9371 10 8074 384
9381 10 8330 335
9391 10 8184 355
9401 10 10076 355
9411 10 8275 772
9421 10 8267 360
9431 10 8468 549
9441 10 8629 341
9451 10 14869 384
9461 10 8567 415
9471 10 9912 387
9481 10 8133 413
9491 10 7840 406
9501 10 7987 366
9511 10 11750 350
9521 10 8134 346
9531 10 8361 348
9541 10 8071 356
9551 10 8418 339
9561 10 8410 358
9571 10 8448 438
9581 10 8088 372
9591 10 8119 343
9601 10 8678 352
9611 10 8301 371
9621 10 9720 362
9631 10 8274 368
9641 10 8484 380
9651 10 8604 402
9661 10 9991 1012
9671 10 8070 361
9681 10 8388 467
9691 10 8239 366
9701 10 8206 398
9711 10 8561 358
9721 10 8280 350
9731 10 8879 358
9741 10 8349 396
9751 10 8548 371
9761 10 9519 396
9771 10 11209 377
9781 10 9181 368
9791 10 9654 370
9801 10 11216 344
9811 10 8681 429
9821 10 9375 352
9831 10 14788 3541
9841 10 8503 396
9851 10 10986 384
9861 10 8687 377
9871 10 8365 388
9881 10 8429 411
9891 10 8763 388
9901 10 8578 379
9911 10 8635 360
9921 10 8308 377
9931 10 9246 370
9941 10 8546 410
9951 10 8473 360
9961 10 8720 385
9971 10 9380 376
9981 10 8382 376
9991 10 8418 647
