10 1 37 10
10 11 297 12
10 21 1157 13
10 31 1701 16
10 41 94 3
10 51 136 3
10 61 211 3
10 71 251 3
10 81 323 3
10 91 422 3
10 101 492 3
10 111 632 3
10 121 896 3
10 131 988 3
10 141 1024 3
10 151 1180 4
10 161 1232 4
10 171 1374 4
10 181 1569 4
10 191 2124 4
10 201 1996 4
10 211 2155 5
10 221 2563 4
10 231 2635 5
10 241 6097 7
10 251 3157 5
10 261 3179 5
10 271 3777 5
10 281 5843 12
10 291 5086 6
10 301 4368 5
10 311 5761 5
10 321 4977 5
10 331 8423 6
10 341 7841 8
10 351 6919 6
10 361 7252 6
10 371 6920 6
10 381 7098 6
10 391 12829 7
10 401 11911 8
10 411 16856 9
10 421 15484 9
10 431 38795 9
10 441 32502 9
10 451 23544 10
10 461 21423 8
10 471 35814 9
10 481 26864 9
10 491 34195 9
10 501 26012 9
10 511 36702 10
10 521 52928 9
10 531 40368 9
10 541 51540 10
10 551 40431 9
10 561 55041 10
10 571 56875 8
10 581 70217 11
10 591 74783 11
10 601 88040 9
10 611 44857 12
10 621 39505 10
10 631 39027 10
10 641 50843 11
10 651 45787 11
10 661 28289 12
10 671 28328 10
10 681 28718 9
10 691 29896 10
10 701 30058 12
10 711 31828 12
10 721 31186 12
10 731 32849 11
10 741 28812 11
10 751 35752 12
10 761 34088 11
10 771 35389 12
10 781 33393 12
10 791 36683 12
10 801 37554 12
10 811 38831 12
10 821 40112 11
10 831 38502 13
10 841 39299 13
10 851 41130 13
10 861 40897 14
10 871 43131 10
10 881 43466 9
10 891 46202 13
10 901 45337 14
10 911 46828 14
10 921 47528 11
10 931 48212 14
10 941 47818 14
10 951 50065 13
10 961 50174 12
10 971 52108 15
10 981 51488 11
10 991 53548 14
10 1001 53949 12
10 1011 55698 12
10 1021 57803 14
10 1031 57536 11
10 1041 58515 13
10 1051 59788 15
10 1061 60667 15
10 1071 68294 11
10 1081 66977 15
10 1091 64191 13
10 1101 65539 13
10 1111 72572 16
10 1121 79114 17
10 1131 67149 12
10 1141 76524 12
10 1151 77563 15
10 1161 72834 14
10 1171 189529 16
10 1181 82682 13
10 1191 74603 14
10 1201 75847 16
10 1211 76672 14
10 1221 79733 15
10 1231 108404 9
10 1241 122720 17
10 1251 86045 15
10 1261 87166 15
10 1271 87438 14
10 1281 176745 18
10 1291 277687 14
10 1301 96119 16
10 1311 292623 18
10 1321 99046 18
10 1331 236081 11
10 1341 96748 10
10 1351 96105 18
10 1361 96423 13
10 1371 98674 72
10 1381 100953 16
10 1391 101097 18
10 1401 100779 16
10 1411 102083 14
10 1421 104276 11
10 1431 106423 18
10 1441 107344 25
10 1451 108849 19
10 1461 109554 18
10 1471 111004 20
10 1481 112609 13
10 1491 113649 14
10 1501 117247 20
10 1511 117783 19
10 1521 118079 18
10 1531 119913 17
10 1541 120996 12
10 1551 122813 14
10 1561 124598 12
10 1571 125329 12
10 1581 127892 10
10 1591 128836 15
10 1601 135247 18
10 1611 131800 22
10 1621 130742 19
10 1631 135350 12
10 1641 138137 15
10 1651 138717 14
10 1661 141779 12
10 1671 142720 18
10 1681 142568 11
10 1691 334461 15
10 1701 170642 15
10 1711 147939 18
10 1721 148629 15
10 1731 151373 17
10 1741 149257 13
10 1751 161707 15
10 1761 156703 13
10 1771 154589 17
10 1781 157245 14
10 1791 158124 17
10 1801 162752 13
10 1811 160931 11
10 1821 162328 12
10 1831 164459 14
10 1841 182829 12
10 1851 173420 17
10 1861 173869 23
10 1871 174612 15
10 1881 183163 14
10 1891 180039 11
10 1901 181898 16
10 1911 182412 23
10 1921 192269 13
10 1931 189355 10
10 1941 190215 18
10 1951 189649 21
10 1961 191839 12
10 1971 193022 15
10 1981 196184 14
10 1991 192329 11
10 2001 198971 13
10 2011 201980 10
10 2021 211883 10
10 2031 216224 20
10 2041 206600 14
10 2051 209064 13
10 2061 211706 13
10 2071 213228 8
10 2081 215151 16
10 2091 217853 14
10 2101 218307 16
10 2111 229399 8
10 2121 223237 14
10 2131 224487 12
10 2141 227072 19
10 2151 227472 13
10 2161 231270 10
10 2171 232927 14
10 2181 238387 13
10 2191 236971 12
10 2201 424864 20
10 2211 251903 13
10 2221 237874 15
10 2231 243820 14
10 2241 250502 18
10 2251 250466 15
10 2261 278576 18
10 2271 269808 18
10 2281 274719 16
10 2291 259705 13
10 2301 360335 16
10 2311 264007 14
10 2321 264150 13
10 2331 266574 15
10 2341 270082 10
10 2351 274584 12
10 2361 275585 12
10 2371 288418 17
10 2381 289021 16
10 2391 273347 14
10 2401 296389 10
10 2411 297245 20
10 2421 301344 10
10 2431 291455 13
10 2441 292592 13
10 2451 294548 21
10 2461 297628 17
10 2471 301403 12
10 2481 303422 17
10 2491 304144 14
10 2501 305932 8
10 2511 334862 16
10 2521 589854 12
10 2531 444791 13
10 2541 421743 18
10 2551 328236 16
10 2561 381688 13
10 2571 658055 12
10 2581 343200 17
10 2591 336889 16
10 2601 335300 18
10 2611 336625 14
10 2621 335818 14
10 2631 337560 16
10 2641 340994 21
10 2651 355707 13
10 2661 356187 15
10 2671 355343 17
10 2681 352653 13
10 2691 353807 13
10 2701 358671 15
10 2711 359590 12
10 2721 361885 14
10 2731 363823 18
10 2741 368579 16
10 2751 369036 20
10 2761 373098 14
10 2771 390846 13
10 2781 377501 19
10 2791 390679 11
10 2801 607817 115
10 2811 395932 15
10 2821 396331 20
10 2831 396946 14
10 2841 474231 14
10 2851 481053 17
10 2861 415896 22
10 2871 441442 18
10 2881 487050 15
10 2891 535432 13
10 2901 1002353 12
10 2911 414785 16
10 2921 426900 16
10 2931 418172 15
10 2941 421998 14
10 2951 424162 18
10 2961 446416 13
10 2971 429694 18
10 2981 433540 12
10 2991 435172 13
10 3001 435925 12
10 3011 837322 21
10 3021 710486 17
10 3031 546143 10
10 3041 449020 12
10 3051 451955 13
10 3061 481354 24
10 3071 469550 17
10 3081 513445 21
10 3091 474063 17
10 3101 466359 19
10 3111 497977 22
10 3121 722982 17
10 3131 486128 18
10 3141 488160 12
10 3151 498613 15
10 3161 523195 12
10 3171 542164 11
10 3181 1002892 16
10 3191 992904 20
10 3201 499366 16
10 3211 503211 23
10 3221 502413 21
10 3231 501995 21
10 3241 508627 13
10 3251 515559 14
10 3261 516683 13
10 3271 526562 16
10 3281 528879 17
10 3291 528699 15
10 3301 534226 14
10 3311 532795 14
10 3321 523740 12
10 3331 562367 16
10 3341 540891 21
10 3351 545689 22
10 3361 549525 19
10 3371 751671 18
10 3381 539730 18
10 3391 560559 15
10 3401 679260 17
10 3411 706289 19
10 3421 566259 14
10 3431 575084 22
10 3441 592869 17
10 3451 579871 18
10 3461 578734 23
10 3471 604638 21
10 3481 646468 17
10 3491 902671 17
10 3501 740370 16
10 3511 597259 22
10 3521 1076332 14
10 3531 611078 19
10 3541 626381 17
10 3551 611591 12
10 3561 613744 14
10 3571 638017 14
10 3581 616546 18
10 3591 691320 17
10 3601 621931 15
10 3611 636467 13
10 3621 647521 18
10 3631 680518 17
10 3641 650862 13
10 3651 764771 14
10 3661 1556157 18
10 3671 651715 16
10 3681 772489 12
10 3691 658853 16
10 3701 1065777 12
10 3711 684261 14
10 3721 671699 15
10 3731 682710 14
10 3741 677804 9
10 3751 682013 12
10 3761 684958 13
10 3771 688052 15
10 3781 799853 9
10 3791 696269 13
10 3801 900557 14
10 3811 700384 22
10 3821 735505 11
10 3831 708919 12
10 3841 747033 19
10 3851 1174193 18
10 3861 733761 18
10 3871 789041 16
10 3881 1074079 12
10 3891 1447515 20
10 3901 1133972 16
10 3911 1894765 12
10 3921 1363265 21
10 3931 805692 20
10 3941 837643 12
10 3951 760451 20
10 3961 769251 18
10 3971 771764 12
10 3981 804621 20
10 3991 782800 18
10 4001 1003729 25
10 4011 1650709 13
10 4021 1599925 19
10 4031 1191015 14
10 4041 1387207 19
10 4051 1124636 19
10 4061 1351891 27
10 4071 870594 13
10 4081 890966 20
10 4091 1060777 13
10 4101 1240195 24
10 4111 1536211 25
10 4121 1194056 18
10 4131 808289 10
10 4141 934460 10
10 4151 837242 18
10 4161 1041953 20
10 4171 1198703 20
10 4181 1923114 18
10 4191 872099 13
10 4201 922856 13
10 4211 1168758 18
10 4221 936637 12
10 4231 887318 22
10 4241 1230330 19
10 4251 1861907 23
10 4261 1585057 17
10 4271 1169158 12
10 4281 1126227 25
10 4291 1543916 18
10 4301 1170558 22
10 4311 1071912 15
10 4321 1797556 16
10 4331 1878015 18
10 4341 1220315 16
10 4351 1031072 14
10 4361 1013971 15
10 4371 977756 13
10 4381 1029545 14
10 4391 1595225 16
10 4401 1027600 16
10 4411 1550223 14
10 4421 979784 13
10 4431 983488 14
10 4441 988141 20
10 4451 935442 10
10 4461 1062304 12
10 4471 1004175 12
10 4481 973261 18
10 4491 1109696 12
10 4501 1286229 13
10 4511 1176784 11
10 4521 988207 15
10 4531 997402 15
10 4541 998265 17
10 4551 1241218 12
10 4561 1004977 25
10 4571 1083137 12
10 4581 1054523 16
10 4591 1017651 15
10 4601 1263444 16
10 4611 1029091 16
10 4621 1711111 16
10 4631 1246324 16
10 4641 1038801 30
10 4651 1051866 16
10 4661 1046472 15
10 4671 1126212 19
10 4681 1418905 17
10 4691 1146490 16
10 4701 1107345 23
10 4711 1147070 19
10 4721 1114381 12
10 4731 1120903 23
10 4741 1066320 27
10 4751 1295877 20
10 4761 1379191 20
10 4771 1336324 21
10 4781 1260899 20
10 4791 1147729 12
10 4801 1159342 14
10 4811 1118981 13
10 4821 1113981 13
10 4831 1126557 20
10 4841 1130719 16
10 4851 1337872 21
10 4861 1375716 14
10 4871 1369310 16
10 4881 1628858 17
10 4891 1155973 21
10 4901 1288625 11
10 4911 1220176 18
10 4921 1327923 18
10 4931 1945717 18
10 4941 1177631 12
10 4951 1184096 17
10 4961 1185675 18
10 4971 1193980 22
10 4981 1202001 14
10 4991 1233322 13
10 5001 1592247 20
10 5011 1214086 14
10 5021 1467744 15
10 5031 1228555 16
10 5041 1469300 17
10 5051 1279945 17
10 5061 1757882 13
10 5071 1485256 21
10 5081 1244422 17
10 5091 1240681 16
10 5101 1267700 29
10 5111 1344342 17
10 5121 1265471 18
10 5131 1270964 12
10 5141 1273484 16
10 5151 1509727 11
10 5161 1402796 15
10 5171 1492078 16
10 5181 2341890 17
10 5191 1511799 19
10 5201 1452012 14
10 5211 2402354 17
10 5221 1849471 14
10 5231 2444720 8
10 5241 1359185 14
10 5251 1384866 12
10 5261 1824574 18
10 5271 1474444 16
10 5281 1397316 21
10 5291 1449841 15
10 5301 1368653 14
10 5311 1444130 11
10 5321 1625926 17
10 5331 1922069 19
10 5341 1443566 20
10 5351 1548977 13
10 5361 1400218 15
10 5371 1403968 10
10 5381 1397474 17
10 5391 1637214 11
10 5401 1672073 11
10 5411 1507170 18
10 5421 1644480 12
10 5431 1642865 12
10 5441 1483921 10
10 5451 1521974 23
10 5461 1711745 14
10 5471 1456910 13
10 5481 1484898 15
10 5491 1596031 15
10 5501 1427660 19
10 5511 1487583 15
10 5521 1553268 15
10 5531 1903014 11
10 5541 1919079 11
10 5551 1728207 15
10 5561 1506675 26
10 5571 1524869 16
10 5581 2760352 16
10 5591 1951775 26
10 5601 1878976 19
10 5611 3483524 14
10 5621 3136840 11
10 5631 2046287 22
10 5641 1886933 26
10 5651 2114515 15
10 5661 1556266 22
10 5671 1769572 13
10 5681 1584392 15
10 5691 1611906 21
10 5701 1581384 10
10 5711 1587929 17
10 5721 1659975 12
10 5731 2033921 15
10 5741 1892165 15
10 5751 1666811 13
10 5761 1903170 16
10 5771 1665682 20
10 5781 1590530 13
10 5791 1798308 16
10 5801 1597832 19
10 5811 1619628 13
10 5821 1637145 30
10 5831 1757480 16
10 5841 1622524 20
10 5851 1830287 15
10 5861 1643092 19
10 5871 1684331 26
10 5881 1637171 13
10 5891 1714146 24
10 5901 2131754 14
10 5911 1944962 27
10 5921 1838195 10
10 5931 1792955 9
10 5941 2418701 13
10 5951 2959290 16
10 5961 2105821 12
10 5971 1859639 20
10 5981 1938534 22
10 5991 2193419 21
10 6001 2309371 13
10 6011 1924982 12
10 6021 1843772 15
10 6031 1855129 14
10 6041 2024769 19
10 6051 2050907 13
10 6061 1858765 24
10 6071 2507259 17
10 6081 1785469 18
10 6091 1811124 19
10 6101 2076181 14
10 6111 1959818 16
10 6121 1854412 14
10 6131 1853348 17
10 6141 1935985 24
10 6151 2302873 25
10 6161 2102396 13
10 6171 1985094 20
10 6181 2800714 10
10 6191 2521777 18
10 6201 2208477 15
10 6211 2172094 14
10 6221 3612267 17
10 6231 2742417 12
10 6241 1953912 18
10 6251 2383814 22
10 6261 1966814 22
10 6271 2499005 15
10 6281 2000144 14
10 6291 2088721 12
10 6301 1981671 62
10 6311 2040332 64
10 6321 2530751 25
10 6331 1973325 16
10 6341 2264777 20
10 6351 1943659 19
10 6361 1947643 21
10 6371 2399422 12
10 6381 2207879 14
10 6391 2810491 11
10 6401 2575344 72
10 6411 2287206 17
10 6421 2568549 10
10 6431 2173225 28
10 6441 2354959 39
10 6451 2674837 15
10 6461 2394608 22
10 6471 2289855 13
10 6481 2196361 18
10 6491 2301119 13
10 6501 2193081 15
10 6511 2172077 14
10 6521 2525002 16
10 6531 2235869 10
10 6541 2629308 15
10 6551 2533581 17
10 6561 2221436 14
10 6571 2233059 15
10 6581 2620714 17
10 6591 2323277 16
10 6601 2378104 11
10 6611 2284923 16
10 6621 2553073 32
10 6631 2263739 14
10 6641 2220075 16
10 6651 2241079 12
10 6661 2477164 13
10 6671 2258746 17
10 6681 2351833 25
10 6691 2353857 20
10 6701 2691200 18
10 6711 2382474 12
10 6721 2259459 15
10 6731 2278345 14
10 6741 2259761 13
10 6751 2473971 15
10 6761 2313007 15
10 6771 2335338 15
10 6781 2254776 14
10 6791 2544269 26
10 6801 2335561 20
10 6811 2307415 76
10 6821 2303204 15
10 6831 2708251 16
10 6841 2571820 21
10 6851 2547202 12
10 6861 2343277 14
10 6871 2508309 15
10 6881 2318732 14
10 6891 2426292 18
10 6901 2427656 21
10 6911 2629118 17
10 6921 2418833 21
10 6931 2404804 21
10 6941 2452749 27
10 6951 2789010 15
10 6961 2569373 17
10 6971 2421793 22
10 6981 2423574 22
10 6991 2816389 16
10 7001 2721408 14
10 7011 2508532 17
10 7021 2501701 17
10 7031 2734506 15
10 7041 2410675 14
10 7051 2414658 20
10 7061 2429332 20
10 7071 2812573 20
10 7081 2533638 16
10 7091 2686473 13
10 7101 2451107 12
10 7111 2601597 19
10 7121 2406566 14
10 7131 2834652 22
10 7141 2974860 11
10 7151 2632716 18
10 7161 2402883 13
10 7171 2557546 53
10 7181 2912359 14
10 7191 3302469 20
10 7201 2558701 17
10 7211 2538949 13
10 7221 2825857 15
10 7231 2619506 12
10 7241 2593347 18
10 7251 2571886 17
10 7261 3335641 18
10 7271 2819397 18
10 7281 2647635 17
10 7291 3009229 21
10 7301 2661512 28
10 7311 3005431 18
10 7321 2979505 13
10 7331 2768582 21
10 7341 2719974 24
10 7351 2859212 22
10 7361 3742643 19
10 7371 3197545 19
10 7381 2847407 15
10 7391 3812876 12
10 7401 2804552 20
10 7411 2704618 15
10 7421 2922224 16
10 7431 2711475 13
10 7441 2754154 20
10 7451 3475589 8
10 7461 3023626 16
10 7471 2836474 24
10 7481 2766527 23
10 7491 3261736 15
10 7501 2879717 15
10 7511 3001505 13
10 7521 2898154 12
10 7531 2826162 18
10 7541 2773359 19
10 7551 2776128 13
10 7561 2986356 15
10 7571 2789862 18
10 7581 2796348 14
10 7591 3179140 22
10 7601 2920444 17
10 7611 2818633 10
10 7621 2825536 15
10 7631 3132335 14
10 7641 3325520 20
10 7651 3608364 25
10 7661 4088697 13
10 7671 3508718 14
10 7681 3888976 17
10 7691 4160967 17
10 7701 3134214 17
10 7711 3176958 19
10 7721 3002368 17
10 7731 2981913 19
10 7741 3108555 15
10 7751 3422050 13
10 7761 3096594 15
10 7771 3266934 16
10 7781 3438186 12
10 7791 3218470 13
10 7801 3295824 19
10 7811 3540651 22
10 7821 3188700 16
10 7831 3133670 24
10 7841 3579563 15
10 7851 3557018 25
10 7861 3601907 18
10 7871 3191766 19
10 7881 3535590 15
10 7891 4152207 15
10 7901 3888118 16
10 7911 5146187 18
10 7921 5273699 13
10 7931 3433058 17
10 7941 3583104 19
10 7951 3113161 15
10 7961 4219986 22
10 7971 4537083 19
10 7981 3037345 23
10 7991 3315316 13
10 8001 3867063 16
10 8011 3457760 19
10 8021 3528952 17
10 8031 3508733 13
10 8041 3154000 13
10 8051 3426224 18
10 8061 3160731 22
10 8071 3174685 13
10 8081 3312289 20
10 8091 3189705 14
10 8101 3198198 17
10 8111 4345128 14
10 8121 4109396 12
10 8131 3153688 16
10 8141 3428195 27
10 8151 3240722 16
10 8161 3247212 14
10 8171 3427322 17
10 8181 3281225 17
10 8191 3276450 15
10 8201 3912250 15
10 8211 3523674 12
10 8221 3390757 25
10 8231 3406030 19
10 8241 3272723 19
10 8251 3506215 14
10 8261 3328590 17
10 8271 3250004 20
10 8281 4218202 19
10 8291 3897556 12
10 8301 3363909 18
10 8311 3564880 13
10 8321 3267094 21
10 8331 3389512 17
10 8341 3593216 20
10 8351 3317666 12
10 8361 3416691 23
10 8371 3795463 15
10 8381 3412716 15
10 8391 3654565 20
10 8401 3631660 15
10 8411 4574203 13
10 8421 3992789 12
10 8431 3703555 15
10 8441 4127600 18
10 8451 4280491 15
10 8461 3773210 13
10 8471 3892689 16
10 8481 3706712 13
10 8491 4074142 23
10 8501 4108270 14
10 8511 3671761 13
10 8521 4321123 14
10 8531 3806796 18
10 8541 3858802 15
10 8551 4128842 21
10 8561 4005240 13
10 8571 4352263 12
10 8581 3658121 19
10 8591 3750918 13
10 8601 4262202 15
10 8611 3636572 20
10 8621 4095712 14
10 8631 3881245 17
10 8641 3977956 20
10 8651 4063326 19
10 8661 4308694 16
10 8671 5203807 21
10 8681 3934184 20
10 8691 4001495 17
10 8701 3953045 16
10 8711 4205370 21
10 8721 4119539 14
10 8731 4059423 13
10 8741 4444996 20
10 8751 4173439 16
10 8761 4033313 13
10 8771 4439126 13
10 8781 3962098 16
10 8791 4467975 12
10 8801 4090803 17
10 8811 4482310 19
10 8821 4721683 13
10 8831 4064817 17
10 8841 4816353 12
10 8851 4145167 22
10 8861 4796244 12
10 8871 4519572 12
10 8881 4690222 18
10 8891 4161559 16
10 8901 4371155 19
10 8911 4186218 18
10 8921 4285458 8
10 8931 4402544 15
10 8941 4411135 14
10 8951 4624320 15
10 8961 4412288 20
10 8971 4597032 19
10 8981 4249675 15
10 8991 4436489 15
10 9001 4172129 18
10 9011 4185367 12
10 9021 4945309 13
10 9031 4265227 17
10 9041 4535103 27
10 9051 4172988 13
10 9061 4464560 12
10 9071 4194835 12
10 9081 4643307 12
10 9091 4226213 15
10 9101 4164774 19
10 9111 4415765 18
10 9121 4053495 16
10 9131 4816490 14
10 9141 4297456 120
10 9151 4595087 13
10 9161 4301476 18
10 9171 4242819 20
10 9181 4545744 19
10 9191 4116750 13
10 9201 4701894 16
10 9211 4135064 12
10 9221 4553633 14
10 9231 4190531 17
10 9241 4267602 13
10 9251 4345471 17
10 9261 4271218 20
10 9271 4736463 14
10 9281 4660202 14
10 9291 5013971 15
10 9301 4580548 20
10 9311 4801183 18
10 9321 4835603 16
10 9331 5235454 16
10 9341 5412789 348
10 9351 4895389 15
10 9361 4529880 14
10 9371 4796281 23
10 9381 4532054 18
10 9391 5036144 15
10 9401 4515140 15
10 9411 5105249 17
10 9421 5166908 17
10 9431 5388449 14
10 9441 4522217 14
10 9451 4775139 21
10 9461 5406985 13
10 9471 5394487 17
10 9481 4796058 18
10 9491 5058100 15
10 9501 4939980 12
10 9511 5357313 18
10 9521 4780414 14
10 9531 5284466 19
10 9541 4471696 12
10 9551 4867159 17
10 9561 4582328 12
10 9571 4670014 14
10 9581 4724290 11
10 9591 4890852 20
10 9601 4446966 24
10 9611 4522617 11
10 9621 5925226 12
10 9631 4789606 17
10 9641 4721769 22
10 9651 4698411 17
10 9661 5123381 11
10 9671 4550502 17
10 9681 4765819 15
10 9691 4581901 15
10 9701 5407171 22
10 9711 5704608 20
10 9721 5227308 11
10 9731 6408606 21
10 9741 5423264 17
10 9751 4719928 20
10 9761 4532008 17
10 9771 5011131 18
10 9781 4781821 17
10 9791 4777583 17
10 9801 4857116 19
10 9811 6121121 16
10 9821 5085188 13
10 9831 5719983 17
10 9841 6893535 20
10 9851 7658114 19
10 9861 6967473 17
10 9871 6459543 18
10 9881 5282443 13
10 9891 5390623 17
10 9901 8152567 15
10 9911 5727727 14
10 9921 6143059 20
10 9931 5625072 15
10 9941 5434336 15
10 9951 5425557 32
10 9961 5761545 14
10 9971 5258787 19
10 9981 5778094 15
10 9991 5529593 10
